{"/home/pieter/Development/austindest/src/app/error.tsx": {"path":"/home/pieter/Development/austindest/src/app/error.tsx","statementMap":{"0":{"start":{"line":7,"column":24},"end":{"line":7,"column":30}},"1":{"start":{"line":3,"column":26},"end":{"line":3,"column":null}},"2":{"start":{"line":5,"column":23},"end":{"line":5,"column":null}},"3":{"start":{"line":14,"column":2},"end":{"line":19,"column":null}},"4":{"start":{"line":16,"column":4},"end":{"line":18,"column":null}},"5":{"start":{"line":17,"column":6},"end":{"line":17,"column":null}}},"fnMap":{"0":{"name":"Error","decl":{"start":{"line":7,"column":24},"end":{"line":7,"column":30}},"loc":{"start":{"line":13,"column":1},"end":{"line":36,"column":null}}},"1":{"name":"(anonymous_2)","decl":{"start":{"line":14,"column":12},"end":{"line":14,"column":null}},"loc":{"start":{"line":14,"column":12},"end":{"line":19,"column":5}}}},"branchMap":{"0":{"loc":{"start":{"line":16,"column":4},"end":{"line":18,"column":null}},"type":"if","locations":[{"start":{"line":16,"column":4},"end":{"line":18,"column":null}},{"start":{},"end":{}}]}},"s":{"0":5,"1":1,"2":1,"3":5,"4":5,"5":0},"f":{"0":5,"1":5},"b":{"0":[0,5]}}
,"/home/pieter/Development/austindest/src/app/layout.tsx": {"path":"/home/pieter/Development/austindest/src/app/layout.tsx","statementMap":{"0":{"start":{"line":103,"column":24},"end":{"line":103,"column":35}},"1":{"start":{"line":11,"column":13},"end":{"line":11,"column":34}},"2":{"start":{"line":92,"column":13},"end":{"line":92,"column":34}},"3":{"start":{"line":1,"column":7},"end":{"line":1,"column":null}},"4":{"start":{"line":3,"column":22},"end":{"line":3,"column":null}},"5":{"start":{"line":5,"column":14},"end":{"line":9,"column":null}},"6":{"start":{"line":11,"column":34},"end":{"line":90,"column":null}},"7":{"start":{"line":92,"column":34},"end":{"line":101,"column":null}}},"fnMap":{"0":{"name":"RootLayout","decl":{"start":{"line":103,"column":24},"end":{"line":103,"column":35}},"loc":{"start":{"line":107,"column":1},"end":{"line":113,"column":null}}}},"branchMap":{},"s":{"0":4,"1":14,"2":6,"3":1,"4":1,"5":1,"6":1,"7":1},"f":{"0":4},"b":{}}
,"/home/pieter/Development/austindest/src/app/loading.tsx": {"path":"/home/pieter/Development/austindest/src/app/loading.tsx","statementMap":{"0":{"start":{"line":3,"column":24},"end":{"line":3,"column":null}},"1":{"start":{"line":1,"column":28},"end":{"line":1,"column":null}},"2":{"start":{"line":4,"column":2},"end":{"line":4,"column":null}}},"fnMap":{"0":{"name":"Loading","decl":{"start":{"line":3,"column":24},"end":{"line":3,"column":null}},"loc":{"start":{"line":3,"column":24},"end":{"line":5,"column":null}}}},"branchMap":{},"s":{"0":4,"1":1,"2":4},"f":{"0":4},"b":{}}
,"/home/pieter/Development/austindest/src/app/not-found.tsx": {"path":"/home/pieter/Development/austindest/src/app/not-found.tsx","statementMap":{"0":{"start":{"line":5,"column":24},"end":{"line":5,"column":null}},"1":{"start":{"line":1,"column":17},"end":{"line":1,"column":null}},"2":{"start":{"line":3,"column":23},"end":{"line":3,"column":null}}},"fnMap":{"0":{"name":"NotFound","decl":{"start":{"line":5,"column":24},"end":{"line":5,"column":null}},"loc":{"start":{"line":5,"column":24},"end":{"line":25,"column":null}}}},"branchMap":{},"s":{"0":6,"1":1,"2":1},"f":{"0":6},"b":{}}
,"/home/pieter/Development/austindest/src/app/page.tsx": {"path":"/home/pieter/Development/austindest/src/app/page.tsx","statementMap":{"0":{"start":{"line":17,"column":24},"end":{"line":17,"column":null}},"1":{"start":{"line":1,"column":25},"end":{"line":1,"column":null}},"2":{"start":{"line":3,"column":26},"end":{"line":3,"column":null}},"3":{"start":{"line":4,"column":35},"end":{"line":4,"column":null}},"4":{"start":{"line":5,"column":20},"end":{"line":5,"column":null}},"5":{"start":{"line":6,"column":22},"end":{"line":6,"column":null}},"6":{"start":{"line":7,"column":19},"end":{"line":7,"column":null}},"7":{"start":{"line":8,"column":20},"end":{"line":8,"column":null}},"8":{"start":{"line":9,"column":22},"end":{"line":9,"column":null}},"9":{"start":{"line":10,"column":19},"end":{"line":10,"column":null}},"10":{"start":{"line":11,"column":32},"end":{"line":11,"column":null}},"11":{"start":{"line":12,"column":24},"end":{"line":12,"column":null}},"12":{"start":{"line":13,"column":31},"end":{"line":13,"column":null}},"13":{"start":{"line":14,"column":44},"end":{"line":14,"column":null}},"14":{"start":{"line":15,"column":18},"end":{"line":15,"column":null}}},"fnMap":{"0":{"name":"Home","decl":{"start":{"line":17,"column":24},"end":{"line":17,"column":null}},"loc":{"start":{"line":17,"column":24},"end":{"line":69,"column":null}}}},"branchMap":{},"s":{"0":6,"1":1,"2":1,"3":1,"4":1,"5":1,"6":1,"7":1,"8":1,"9":1,"10":1,"11":1,"12":1,"13":1,"14":1},"f":{"0":6},"b":{}}
,"/home/pieter/Development/austindest/src/app/components/gigs.tsx": {"path":"/home/pieter/Development/austindest/src/app/components/gigs.tsx","statementMap":{"0":{"start":{"line":101,"column":24},"end":{"line":101,"column":null}},"1":{"start":{"line":3,"column":22},"end":{"line":3,"column":null}},"2":{"start":{"line":16,"column":37},"end":{"line":64,"column":null}},"3":{"start":{"line":66,"column":22},"end":{"line":68,"column":null}},"4":{"start":{"line":67,"column":2},"end":{"line":67,"column":null}},"5":{"start":{"line":70,"column":23},"end":{"line":79,"column":null}},"6":{"start":{"line":74,"column":2},"end":{"line":78,"column":null}},"7":{"start":{"line":75,"column":18},"end":{"line":75,"column":null}},"8":{"start":{"line":76,"column":18},"end":{"line":76,"column":null}},"9":{"start":{"line":77,"column":4},"end":{"line":77,"column":null}},"10":{"start":{"line":81,"column":25},"end":{"line":94,"column":null}},"11":{"start":{"line":85,"column":16},"end":{"line":85,"column":null}},"12":{"start":{"line":86,"column":20},"end":{"line":86,"column":null}},"13":{"start":{"line":87,"column":2},"end":{"line":87,"column":null}},"14":{"start":{"line":88,"column":22},"end":{"line":88,"column":null}},"15":{"start":{"line":90,"column":2},"end":{"line":93,"column":null}},"16":{"start":{"line":91,"column":20},"end":{"line":91,"column":null}},"17":{"start":{"line":92,"column":4},"end":{"line":92,"column":null}},"18":{"start":{"line":96,"column":21},"end":{"line":98,"column":null}},"19":{"start":{"line":99,"column":19},"end":{"line":99,"column":null}},"20":{"start":{"line":118,"column":16},"end":{"line":121,"column":null}},"21":{"start":{"line":216,"column":16},"end":{"line":219,"column":null}}},"fnMap":{"0":{"name":"(anonymous_1)","decl":{"start":{"line":66,"column":22},"end":{"line":66,"column":23}},"loc":{"start":{"line":66,"column":23},"end":{"line":68,"column":null}}},"1":{"name":"(anonymous_2)","decl":{"start":{"line":70,"column":23},"end":{"line":70,"column":null}},"loc":{"start":{"line":72,"column":18},"end":{"line":79,"column":null}}},"2":{"name":"(anonymous_3)","decl":{"start":{"line":74,"column":24},"end":{"line":74,"column":25}},"loc":{"start":{"line":74,"column":28},"end":{"line":78,"column":null}}},"3":{"name":"(anonymous_4)","decl":{"start":{"line":81,"column":25},"end":{"line":81,"column":null}},"loc":{"start":{"line":83,"column":17},"end":{"line":94,"column":null}}},"4":{"name":"(anonymous_5)","decl":{"start":{"line":90,"column":21},"end":{"line":90,"column":null}},"loc":{"start":{"line":90,"column":21},"end":{"line":93,"column":null}}},"5":{"name":"Gigs","decl":{"start":{"line":101,"column":24},"end":{"line":101,"column":null}},"loc":{"start":{"line":101,"column":24},"end":{"line":313,"column":null}}},"6":{"name":"(anonymous_7)","decl":{"start":{"line":117,"column":32},"end":{"line":117,"column":33}},"loc":{"start":{"line":117,"column":47},"end":{"line":206,"column":null}}},"7":{"name":"(anonymous_8)","decl":{"start":{"line":215,"column":30},"end":{"line":215,"column":31}},"loc":{"start":{"line":215,"column":45},"end":{"line":306,"column":null}}}},"branchMap":{"0":{"loc":{"start":{"line":72,"column":2},"end":{"line":72,"column":18}},"type":"default-arg","locations":[{"start":{"line":72,"column":14},"end":{"line":72,"column":18}}]},"1":{"loc":{"start":{"line":77,"column":11},"end":{"line":77,"column":null}},"type":"cond-expr","locations":[{"start":{"line":77,"column":23},"end":{"line":77,"column":39}},{"start":{"line":77,"column":39},"end":{"line":77,"column":null}}]},"2":{"loc":{"start":{"line":83,"column":2},"end":{"line":83,"column":17}},"type":"default-arg","locations":[{"start":{"line":83,"column":13},"end":{"line":83,"column":17}}]},"3":{"loc":{"start":{"line":92,"column":11},"end":{"line":92,"column":null}},"type":"cond-expr","locations":[{"start":{"line":92,"column":22},"end":{"line":92,"column":46}},{"start":{"line":92,"column":46},"end":{"line":92,"column":null}}]},"4":{"loc":{"start":{"line":128,"column":24},"end":{"line":142,"column":null}},"type":"cond-expr","locations":[{"start":{"line":128,"column":24},"end":{"line":142,"column":null}}]},"5":{"loc":{"start":{"line":154,"column":23},"end":{"line":202,"column":null}},"type":"cond-expr","locations":[{"start":{"line":155,"column":24},"end":{"line":202,"column":null}},{"start":{"line":202,"column":26},"end":{"line":202,"column":null}}]},"6":{"loc":{"start":{"line":227,"column":24},"end":{"line":241,"column":null}},"type":"cond-expr","locations":[{"start":{"line":227,"column":24},"end":{"line":241,"column":null}}]},"7":{"loc":{"start":{"line":254,"column":23},"end":{"line":302,"column":null}},"type":"cond-expr","locations":[{"start":{"line":255,"column":24},"end":{"line":302,"column":null}},{"start":{"line":302,"column":26},"end":{"line":302,"column":null}}]}},"s":{"0":15,"1":1,"2":1,"3":1,"4":98,"5":1,"6":2,"7":40,"8":40,"9":40,"10":1,"11":2,"12":2,"13":2,"14":2,"15":2,"16":18,"17":18,"18":1,"19":1,"20":0,"21":135},"f":{"0":98,"1":2,"2":40,"3":2,"4":18,"5":15,"6":0,"7":135},"b":{"0":[1],"1":[18,22],"2":[0],"3":[9,9],"4":[0],"5":[0,0],"6":[15],"7":[15,120]}}
,"/home/pieter/Development/austindest/src/components/bio.tsx": {"path":"/home/pieter/Development/austindest/src/components/bio.tsx","statementMap":{"0":{"start":{"line":80,"column":0},"end":{"line":80,"column":15}},"1":{"start":{"line":1,"column":18},"end":{"line":1,"column":null}},"2":{"start":{"line":2,"column":21},"end":{"line":2,"column":null}},"3":{"start":{"line":4,"column":22},"end":{"line":4,"column":null}},"4":{"start":{"line":6,"column":12},"end":{"line":78,"column":null}},"5":{"start":{"line":80,"column":15},"end":{"line":80,"column":null}}},"fnMap":{"0":{"name":"Bio","decl":{"start":{"line":6,"column":26},"end":{"line":6,"column":null}},"loc":{"start":{"line":6,"column":26},"end":{"line":78,"column":null}}}},"branchMap":{},"s":{"0":10,"1":3,"2":3,"3":3,"4":3,"5":3},"f":{"0":7},"b":{}}
,"/home/pieter/Development/austindest/src/components/contact.tsx": {"path":"/home/pieter/Development/austindest/src/components/contact.tsx","statementMap":{"0":{"start":{"line":2,"column":24},"end":{"line":2,"column":null}},"1":{"start":{"line":1,"column":22},"end":{"line":1,"column":null}}},"fnMap":{"0":{"name":"Contact","decl":{"start":{"line":2,"column":24},"end":{"line":2,"column":null}},"loc":{"start":{"line":2,"column":24},"end":{"line":32,"column":null}}}},"branchMap":{},"s":{"0":11,"1":3},"f":{"0":8},"b":{}}
,"/home/pieter/Development/austindest/src/components/copyright.tsx": {"path":"/home/pieter/Development/austindest/src/components/copyright.tsx","statementMap":{"0":{"start":{"line":6,"column":24},"end":{"line":6,"column":null}},"1":{"start":{"line":2,"column":40},"end":{"line":2,"column":null}},"2":{"start":{"line":4,"column":17},"end":{"line":4,"column":null}},"3":{"start":{"line":5,"column":20},"end":{"line":5,"column":null}},"4":{"start":{"line":7,"column":22},"end":{"line":9,"column":null}},"5":{"start":{"line":8,"column":4},"end":{"line":8,"column":null}},"6":{"start":{"line":11,"column":15},"end":{"line":11,"column":null}},"7":{"start":{"line":22,"column":25},"end":{"line":22,"column":null}}},"fnMap":{"0":{"name":"Copyright","decl":{"start":{"line":6,"column":24},"end":{"line":6,"column":null}},"loc":{"start":{"line":6,"column":24},"end":{"line":34,"column":null}}},"1":{"name":"(anonymous_3)","decl":{"start":{"line":7,"column":22},"end":{"line":7,"column":null}},"loc":{"start":{"line":7,"column":22},"end":{"line":9,"column":null}}},"2":{"name":"(anonymous_4)","decl":{"start":{"line":22,"column":19},"end":{"line":22,"column":25}},"loc":{"start":{"line":22,"column":25},"end":{"line":22,"column":null}}}},"branchMap":{},"s":{"0":13,"1":3,"2":3,"3":3,"4":10,"5":1,"6":10,"7":1},"f":{"0":10,"1":1,"2":1},"b":{}}
,"/home/pieter/Development/austindest/src/components/gigs.tsx": {"path":"/home/pieter/Development/austindest/src/components/gigs.tsx","statementMap":{"0":{"start":{"line":102,"column":24},"end":{"line":102,"column":null}},"1":{"start":{"line":5,"column":22},"end":{"line":5,"column":null}},"2":{"start":{"line":17,"column":37},"end":{"line":65,"column":null}},"3":{"start":{"line":67,"column":22},"end":{"line":69,"column":null}},"4":{"start":{"line":68,"column":2},"end":{"line":68,"column":null}},"5":{"start":{"line":71,"column":23},"end":{"line":80,"column":null}},"6":{"start":{"line":75,"column":2},"end":{"line":79,"column":null}},"7":{"start":{"line":76,"column":18},"end":{"line":76,"column":null}},"8":{"start":{"line":77,"column":18},"end":{"line":77,"column":null}},"9":{"start":{"line":78,"column":4},"end":{"line":78,"column":null}},"10":{"start":{"line":82,"column":25},"end":{"line":95,"column":null}},"11":{"start":{"line":86,"column":16},"end":{"line":86,"column":null}},"12":{"start":{"line":87,"column":20},"end":{"line":87,"column":null}},"13":{"start":{"line":88,"column":2},"end":{"line":88,"column":null}},"14":{"start":{"line":89,"column":22},"end":{"line":89,"column":null}},"15":{"start":{"line":91,"column":2},"end":{"line":94,"column":null}},"16":{"start":{"line":92,"column":20},"end":{"line":92,"column":null}},"17":{"start":{"line":93,"column":4},"end":{"line":93,"column":null}},"18":{"start":{"line":97,"column":21},"end":{"line":99,"column":null}},"19":{"start":{"line":100,"column":19},"end":{"line":100,"column":null}},"20":{"start":{"line":117,"column":18},"end":{"line":118,"column":null}},"21":{"start":{"line":172,"column":18},"end":{"line":173,"column":null}}},"fnMap":{"0":{"name":"(anonymous_1)","decl":{"start":{"line":67,"column":22},"end":{"line":67,"column":23}},"loc":{"start":{"line":67,"column":23},"end":{"line":69,"column":null}}},"1":{"name":"(anonymous_2)","decl":{"start":{"line":71,"column":23},"end":{"line":71,"column":null}},"loc":{"start":{"line":73,"column":18},"end":{"line":80,"column":null}}},"2":{"name":"(anonymous_3)","decl":{"start":{"line":75,"column":24},"end":{"line":75,"column":25}},"loc":{"start":{"line":75,"column":28},"end":{"line":79,"column":null}}},"3":{"name":"(anonymous_4)","decl":{"start":{"line":82,"column":25},"end":{"line":82,"column":null}},"loc":{"start":{"line":84,"column":17},"end":{"line":95,"column":null}}},"4":{"name":"(anonymous_5)","decl":{"start":{"line":91,"column":21},"end":{"line":91,"column":null}},"loc":{"start":{"line":91,"column":21},"end":{"line":94,"column":null}}},"5":{"name":"Gigs","decl":{"start":{"line":102,"column":24},"end":{"line":102,"column":null}},"loc":{"start":{"line":102,"column":24},"end":{"line":225,"column":null}}},"6":{"name":"(anonymous_7)","decl":{"start":{"line":116,"column":34},"end":{"line":116,"column":35}},"loc":{"start":{"line":117,"column":18},"end":{"line":118,"column":null}}},"7":{"name":"(anonymous_8)","decl":{"start":{"line":171,"column":32},"end":{"line":171,"column":33}},"loc":{"start":{"line":172,"column":18},"end":{"line":173,"column":null}}}},"branchMap":{"0":{"loc":{"start":{"line":73,"column":2},"end":{"line":73,"column":18}},"type":"default-arg","locations":[{"start":{"line":73,"column":14},"end":{"line":73,"column":18}}]},"1":{"loc":{"start":{"line":78,"column":11},"end":{"line":78,"column":null}},"type":"cond-expr","locations":[{"start":{"line":78,"column":23},"end":{"line":78,"column":39}},{"start":{"line":78,"column":39},"end":{"line":78,"column":null}}]},"2":{"loc":{"start":{"line":84,"column":2},"end":{"line":84,"column":17}},"type":"default-arg","locations":[{"start":{"line":84,"column":13},"end":{"line":84,"column":17}}]},"3":{"loc":{"start":{"line":93,"column":11},"end":{"line":93,"column":null}},"type":"cond-expr","locations":[{"start":{"line":93,"column":22},"end":{"line":93,"column":46}},{"start":{"line":93,"column":46},"end":{"line":93,"column":null}}]},"4":{"loc":{"start":{"line":126,"column":28},"end":{"line":135,"column":29}},"type":"cond-expr","locations":[{"start":{"line":126,"column":28},"end":{"line":135,"column":29}}]},"5":{"loc":{"start":{"line":141,"column":21},"end":{"line":141,"column":29}},"type":"binary-expr","locations":[{"start":{"line":141,"column":21},"end":{"line":141,"column":29}}]},"6":{"loc":{"start":{"line":181,"column":28},"end":{"line":190,"column":29}},"type":"cond-expr","locations":[{"start":{"line":181,"column":28},"end":{"line":190,"column":29}}]},"7":{"loc":{"start":{"line":196,"column":21},"end":{"line":196,"column":29}},"type":"binary-expr","locations":[{"start":{"line":196,"column":21},"end":{"line":196,"column":29}}]}},"s":{"0":19,"1":3,"2":3,"3":3,"4":294,"5":3,"6":6,"7":120,"8":120,"9":120,"10":3,"11":6,"12":6,"13":6,"14":6,"15":6,"16":54,"17":54,"18":3,"19":3,"20":0,"21":144},"f":{"0":294,"1":6,"2":120,"3":6,"4":54,"5":16,"6":0,"7":144},"b":{"0":[3],"1":[54,66],"2":[0],"3":[27,27],"4":[0],"5":[0],"6":[16],"7":[144]}}
,"/home/pieter/Development/austindest/src/components/header.tsx": {"path":"/home/pieter/Development/austindest/src/components/header.tsx","statementMap":{"0":{"start":{"line":14,"column":24},"end":{"line":14,"column":null}},"1":{"start":{"line":3,"column":40},"end":{"line":3,"column":null}},"2":{"start":{"line":4,"column":24},"end":{"line":4,"column":null}},"3":{"start":{"line":5,"column":49},"end":{"line":5,"column":null}},"4":{"start":{"line":6,"column":65},"end":{"line":6,"column":null}},"5":{"start":{"line":8,"column":26},"end":{"line":8,"column":null}},"6":{"start":{"line":9,"column":28},"end":{"line":9,"column":null}},"7":{"start":{"line":11,"column":17},"end":{"line":11,"column":null}},"8":{"start":{"line":12,"column":20},"end":{"line":12,"column":null}},"9":{"start":{"line":15,"column":34},"end":{"line":15,"column":null}},"10":{"start":{"line":23,"column":6},"end":{"line":23,"column":null}},"11":{"start":{"line":25,"column":2},"end":{"line":27,"column":null}},"12":{"start":{"line":26,"column":4},"end":{"line":26,"column":null}},"13":{"start":{"line":29,"column":23},"end":{"line":32,"column":null}},"14":{"start":{"line":30,"column":20},"end":{"line":30,"column":34}},"15":{"start":{"line":31,"column":4},"end":{"line":31,"column":null}},"16":{"start":{"line":34,"column":2},"end":{"line":39,"column":null}},"17":{"start":{"line":35,"column":4},"end":{"line":35,"column":null}},"18":{"start":{"line":35,"column":19},"end":{"line":35,"column":null}},"19":{"start":{"line":37,"column":4},"end":{"line":37,"column":null}},"20":{"start":{"line":38,"column":4},"end":{"line":38,"column":null}},"21":{"start":{"line":38,"column":17},"end":{"line":38,"column":null}},"22":{"start":{"line":41,"column":2},"end":{"line":52,"column":null}},"23":{"start":{"line":42,"column":4},"end":{"line":42,"column":null}},"24":{"start":{"line":42,"column":19},"end":{"line":42,"column":null}},"25":{"start":{"line":44,"column":4},"end":{"line":44,"column":null}},"26":{"start":{"line":45,"column":4},"end":{"line":45,"column":null}},"27":{"start":{"line":46,"column":4},"end":{"line":46,"column":null}},"28":{"start":{"line":48,"column":4},"end":{"line":51,"column":null}},"29":{"start":{"line":49,"column":6},"end":{"line":49,"column":null}},"30":{"start":{"line":50,"column":6},"end":{"line":50,"column":null}},"31":{"start":{"line":54,"column":22},"end":{"line":57,"column":null}},"32":{"start":{"line":55,"column":4},"end":{"line":55,"column":null}},"33":{"start":{"line":55,"column":19},"end":{"line":55,"column":null}},"34":{"start":{"line":56,"column":4},"end":{"line":56,"column":null}},"35":{"start":{"line":59,"column":2},"end":{"line":85,"column":null}},"36":{"start":{"line":72,"column":16},"end":{"line":73,"column":null}},"37":{"start":{"line":142,"column":14},"end":{"line":143,"column":null}},"38":{"start":{"line":152,"column":35},"end":{"line":152,"column":null}}},"fnMap":{"0":{"name":"Header","decl":{"start":{"line":14,"column":24},"end":{"line":14,"column":null}},"loc":{"start":{"line":14,"column":24},"end":{"line":164,"column":null}}},"1":{"name":"(anonymous_3)","decl":{"start":{"line":25,"column":12},"end":{"line":25,"column":null}},"loc":{"start":{"line":25,"column":12},"end":{"line":27,"column":5}}},"2":{"name":"(anonymous_4)","decl":{"start":{"line":29,"column":35},"end":{"line":29,"column":null}},"loc":{"start":{"line":29,"column":35},"end":{"line":32,"column":5}}},"3":{"name":"(anonymous_5)","decl":{"start":{"line":34,"column":12},"end":{"line":34,"column":null}},"loc":{"start":{"line":34,"column":12},"end":{"line":39,"column":5}}},"4":{"name":"(anonymous_6)","decl":{"start":{"line":38,"column":11},"end":{"line":38,"column":17}},"loc":{"start":{"line":38,"column":17},"end":{"line":38,"column":null}}},"5":{"name":"(anonymous_7)","decl":{"start":{"line":41,"column":12},"end":{"line":41,"column":null}},"loc":{"start":{"line":41,"column":12},"end":{"line":52,"column":5}}},"6":{"name":"(anonymous_8)","decl":{"start":{"line":45,"column":41},"end":{"line":45,"column":48}},"loc":{"start":{"line":45,"column":41},"end":{"line":45,"column":null}}},"7":{"name":"(anonymous_9)","decl":{"start":{"line":46,"column":39},"end":{"line":46,"column":46}},"loc":{"start":{"line":46,"column":39},"end":{"line":46,"column":null}}},"8":{"name":"(anonymous_10)","decl":{"start":{"line":48,"column":11},"end":{"line":48,"column":null}},"loc":{"start":{"line":48,"column":11},"end":{"line":51,"column":null}}},"9":{"name":"(anonymous_11)","decl":{"start":{"line":54,"column":34},"end":{"line":54,"column":null}},"loc":{"start":{"line":54,"column":34},"end":{"line":57,"column":5}}},"10":{"name":"(anonymous_12)","decl":{"start":{"line":71,"column":29},"end":{"line":71,"column":null}},"loc":{"start":{"line":72,"column":16},"end":{"line":73,"column":null}}},"11":{"name":"(anonymous_13)","decl":{"start":{"line":141,"column":27},"end":{"line":141,"column":null}},"loc":{"start":{"line":142,"column":14},"end":{"line":143,"column":null}}},"12":{"name":"(anonymous_14)","decl":{"start":{"line":152,"column":29},"end":{"line":152,"column":35}},"loc":{"start":{"line":152,"column":35},"end":{"line":152,"column":null}}}},"branchMap":{"0":{"loc":{"start":{"line":35,"column":4},"end":{"line":35,"column":null}},"type":"if","locations":[{"start":{"line":35,"column":4},"end":{"line":35,"column":null}},{"start":{},"end":{}}]},"1":{"loc":{"start":{"line":42,"column":4},"end":{"line":42,"column":null}},"type":"if","locations":[{"start":{"line":42,"column":4},"end":{"line":42,"column":null}},{"start":{},"end":{}}]},"2":{"loc":{"start":{"line":55,"column":4},"end":{"line":55,"column":null}},"type":"if","locations":[{"start":{"line":55,"column":4},"end":{"line":55,"column":null}},{"start":{},"end":{}}]},"3":{"loc":{"start":{"line":59,"column":2},"end":{"line":85,"column":null}},"type":"if","locations":[{"start":{"line":59,"column":2},"end":{"line":85,"column":null}},{"start":{},"end":{}}]},"4":{"loc":{"start":{"line":90,"column":8},"end":{"line":92,"column":null}},"type":"cond-expr","locations":[{"start":{"line":91,"column":12},"end":{"line":91,"column":null}},{"start":{"line":92,"column":12},"end":{"line":92,"column":null}}]},"5":{"loc":{"start":{"line":116,"column":15},"end":{"line":128,"column":null}},"type":"cond-expr","locations":[{"start":{"line":117,"column":16},"end":{"line":118,"column":null}},{"start":{"line":127,"column":16},"end":{"line":128,"column":null}}]},"6":{"loc":{"start":{"line":150,"column":18},"end":{"line":150,"column":null}},"type":"cond-expr","locations":[{"start":{"line":150,"column":46},"end":{"line":150,"column":76}},{"start":{"line":150,"column":76},"end":{"line":150,"column":null}}]}},"s":{"0":26,"1":3,"2":3,"3":3,"4":3,"5":3,"6":3,"7":3,"8":3,"9":45,"10":45,"11":45,"12":23,"13":45,"14":2,"15":2,"16":45,"17":45,"18":23,"19":22,"20":22,"21":22,"22":45,"23":45,"24":23,"25":22,"26":22,"27":22,"28":22,"29":22,"30":22,"31":45,"32":2,"33":1,"34":1,"35":45,"36":138,"37":132,"38":1},"f":{"0":45,"1":23,"2":2,"3":45,"4":22,"5":45,"6":0,"7":0,"8":22,"9":2,"10":138,"11":132,"12":1},"b":{"0":[23,22],"1":[23,22],"2":[1,1],"3":[23,22],"4":[15,7],"5":[13,9],"6":[14,118]}}
,"/home/pieter/Development/austindest/src/components/index.ts": {"path":"/home/pieter/Development/austindest/src/components/index.ts","statementMap":{"0":{"start":{"line":4,"column":20},"end":{"line":4,"column":31}},"1":{"start":{"line":14,"column":9},"end":{"line":14,"column":23}},"2":{"start":{"line":5,"column":20},"end":{"line":5,"column":35}},"3":{"start":{"line":15,"column":9},"end":{"line":15,"column":26}},"4":{"start":{"line":6,"column":20},"end":{"line":6,"column":37}},"5":{"start":{"line":7,"column":20},"end":{"line":7,"column":32}},"6":{"start":{"line":1,"column":20},"end":{"line":1,"column":34}},"7":{"start":{"line":16,"column":9},"end":{"line":16,"column":22}},"8":{"start":{"line":8,"column":20},"end":{"line":8,"column":35}},"9":{"start":{"line":9,"column":20},"end":{"line":9,"column":37}},"10":{"start":{"line":10,"column":20},"end":{"line":10,"column":34}},"11":{"start":{"line":17,"column":9},"end":{"line":17,"column":18}},"12":{"start":{"line":11,"column":20},"end":{"line":11,"column":32}},"13":{"start":{"line":22,"column":9},"end":{"line":22,"column":32}},"14":{"start":{"line":17,"column":18},"end":{"line":17,"column":37}},"15":{"start":{"line":21,"column":9},"end":{"line":21,"column":35}},"16":{"start":{"line":3,"column":9},"end":{"line":3,"column":24}},"17":{"start":{"line":18,"column":9},"end":{"line":18,"column":null}},"18":{"start":{"line":2,"column":20},"end":{"line":2,"column":35}},"19":{"start":{"line":12,"column":20},"end":{"line":12,"column":35}},"20":{"start":{"line":23,"column":9},"end":{"line":23,"column":31}},"21":{"start":{"line":19,"column":9},"end":{"line":19,"column":22}},"22":{"start":{"line":20,"column":9},"end":{"line":20,"column":28}},"23":{"start":{"line":13,"column":20},"end":{"line":13,"column":33}},"24":{"start":{"line":1,"column":34},"end":{"line":1,"column":null}},"25":{"start":{"line":2,"column":35},"end":{"line":2,"column":null}},"26":{"start":{"line":3,"column":24},"end":{"line":3,"column":null}},"27":{"start":{"line":4,"column":31},"end":{"line":4,"column":null}},"28":{"start":{"line":5,"column":35},"end":{"line":5,"column":null}},"29":{"start":{"line":6,"column":37},"end":{"line":6,"column":null}},"30":{"start":{"line":7,"column":32},"end":{"line":7,"column":null}},"31":{"start":{"line":8,"column":35},"end":{"line":8,"column":null}},"32":{"start":{"line":9,"column":37},"end":{"line":9,"column":null}},"33":{"start":{"line":10,"column":34},"end":{"line":10,"column":null}},"34":{"start":{"line":11,"column":32},"end":{"line":11,"column":null}},"35":{"start":{"line":12,"column":35},"end":{"line":12,"column":null}},"36":{"start":{"line":13,"column":33},"end":{"line":13,"column":null}},"37":{"start":{"line":14,"column":23},"end":{"line":14,"column":null}},"38":{"start":{"line":15,"column":26},"end":{"line":15,"column":null}},"39":{"start":{"line":16,"column":22},"end":{"line":16,"column":null}},"40":{"start":{"line":17,"column":37},"end":{"line":17,"column":null}},"41":{"start":{"line":19,"column":22},"end":{"line":19,"column":null}},"42":{"start":{"line":20,"column":28},"end":{"line":20,"column":null}},"43":{"start":{"line":21,"column":35},"end":{"line":21,"column":null}},"44":{"start":{"line":22,"column":32},"end":{"line":22,"column":null}},"45":{"start":{"line":23,"column":31},"end":{"line":23,"column":null}}},"fnMap":{},"branchMap":{},"s":{"0":3,"1":3,"2":3,"3":3,"4":3,"5":3,"6":3,"7":3,"8":3,"9":3,"10":3,"11":3,"12":3,"13":3,"14":3,"15":3,"16":3,"17":3,"18":3,"19":3,"20":3,"21":18,"22":3,"23":3,"24":2,"25":2,"26":2,"27":2,"28":2,"29":2,"30":2,"31":2,"32":2,"33":2,"34":2,"35":2,"36":2,"37":2,"38":2,"39":2,"40":2,"41":2,"42":2,"43":2,"44":2,"45":2},"f":{},"b":{}}
,"/home/pieter/Development/austindest/src/components/landing.tsx": {"path":"/home/pieter/Development/austindest/src/components/landing.tsx","statementMap":{"0":{"start":{"line":4,"column":24},"end":{"line":4,"column":null}},"1":{"start":{"line":1,"column":20},"end":{"line":1,"column":null}},"2":{"start":{"line":2,"column":22},"end":{"line":2,"column":null}}},"fnMap":{"0":{"name":"Landing","decl":{"start":{"line":4,"column":24},"end":{"line":4,"column":null}},"loc":{"start":{"line":4,"column":24},"end":{"line":19,"column":null}}}},"branchMap":{},"s":{"0":12,"1":3,"2":3},"f":{"0":9},"b":{}}
,"/home/pieter/Development/austindest/src/components/landingBg.tsx": {"path":"/home/pieter/Development/austindest/src/components/landingBg.tsx","statementMap":{"0":{"start":{"line":1,"column":24},"end":{"line":1,"column":null}}},"fnMap":{"0":{"name":"LandingBg","decl":{"start":{"line":1,"column":24},"end":{"line":1,"column":null}},"loc":{"start":{"line":1,"column":24},"end":{"line":5,"column":null}}}},"branchMap":{},"s":{"0":10},"f":{"0":7},"b":{}}
,"/home/pieter/Development/austindest/src/components/listen.tsx": {"path":"/home/pieter/Development/austindest/src/components/listen.tsx","statementMap":{"0":{"start":{"line":3,"column":24},"end":{"line":3,"column":null}},"1":{"start":{"line":1,"column":22},"end":{"line":1,"column":null}}},"fnMap":{"0":{"name":"Listen","decl":{"start":{"line":3,"column":24},"end":{"line":3,"column":null}},"loc":{"start":{"line":3,"column":24},"end":{"line":52,"column":null}}}},"branchMap":{},"s":{"0":16,"1":3},"f":{"0":13},"b":{}}
,"/home/pieter/Development/austindest/src/components/logo.tsx": {"path":"/home/pieter/Development/austindest/src/components/logo.tsx","statementMap":{"0":{"start":{"line":7,"column":24},"end":{"line":7,"column":null}},"1":{"start":{"line":1,"column":22},"end":{"line":1,"column":null}},"2":{"start":{"line":3,"column":15},"end":{"line":5,"column":null}}},"fnMap":{"0":{"name":"Logo","decl":{"start":{"line":7,"column":24},"end":{"line":7,"column":null}},"loc":{"start":{"line":7,"column":24},"end":{"line":17,"column":null}}}},"branchMap":{},"s":{"0":14,"1":3,"2":3},"f":{"0":11},"b":{}}
,"/home/pieter/Development/austindest/src/components/section.tsx": {"path":"/home/pieter/Development/austindest/src/components/section.tsx","statementMap":{"0":{"start":{"line":3,"column":13},"end":{"line":3,"column":23}},"1":{"start":{"line":3,"column":23},"end":{"line":28,"column":null}}},"fnMap":{"0":{"name":"(anonymous_1)","decl":{"start":{"line":3,"column":23},"end":{"line":3,"column":24}},"loc":{"start":{"line":13,"column":1},"end":{"line":28,"column":null}}}},"branchMap":{"0":{"loc":{"start":{"line":19,"column":10},"end":{"line":19,"column":33}},"type":"cond-expr","locations":[{"start":{"line":19,"column":15},"end":{"line":19,"column":30}},{"start":{"line":19,"column":30},"end":{"line":19,"column":33}}]},"1":{"loc":{"start":{"line":20,"column":10},"end":{"line":20,"column":53}},"type":"cond-expr","locations":[{"start":{"line":20,"column":19},"end":{"line":20,"column":36}},{"start":{"line":20,"column":36},"end":{"line":20,"column":53}}]}},"s":{"0":48,"1":4},"f":{"0":45},"b":{"0":[21,24],"1":[15,30]}}
,"/home/pieter/Development/austindest/src/components/sidenav.tsx": {"path":"/home/pieter/Development/austindest/src/components/sidenav.tsx","statementMap":{"0":{"start":{"line":13,"column":24},"end":{"line":13,"column":32}},"1":{"start":{"line":3,"column":36},"end":{"line":3,"column":null}},"2":{"start":{"line":4,"column":21},"end":{"line":4,"column":null}},"3":{"start":{"line":6,"column":20},"end":{"line":6,"column":null}},"4":{"start":{"line":14,"column":34},"end":{"line":14,"column":null}},"5":{"start":{"line":16,"column":2},"end":{"line":18,"column":null}},"6":{"start":{"line":17,"column":4},"end":{"line":17,"column":null}},"7":{"start":{"line":20,"column":2},"end":{"line":22,"column":null}},"8":{"start":{"line":21,"column":4},"end":{"line":21,"column":null}},"9":{"start":{"line":41,"column":33},"end":{"line":41,"column":55}},"10":{"start":{"line":52,"column":33},"end":{"line":52,"column":55}},"11":{"start":{"line":63,"column":33},"end":{"line":63,"column":55}},"12":{"start":{"line":74,"column":33},"end":{"line":74,"column":55}},"13":{"start":{"line":85,"column":33},"end":{"line":85,"column":55}},"14":{"start":{"line":96,"column":33},"end":{"line":96,"column":55}}},"fnMap":{"0":{"name":"Sidenav","decl":{"start":{"line":13,"column":24},"end":{"line":13,"column":32}},"loc":{"start":{"line":13,"column":51},"end":{"line":105,"column":null}}},"1":{"name":"(anonymous_3)","decl":{"start":{"line":16,"column":12},"end":{"line":16,"column":null}},"loc":{"start":{"line":16,"column":12},"end":{"line":18,"column":5}}},"2":{"name":"(anonymous_4)","decl":{"start":{"line":41,"column":27},"end":{"line":41,"column":33}},"loc":{"start":{"line":41,"column":33},"end":{"line":41,"column":55}}},"3":{"name":"(anonymous_5)","decl":{"start":{"line":52,"column":27},"end":{"line":52,"column":33}},"loc":{"start":{"line":52,"column":33},"end":{"line":52,"column":55}}},"4":{"name":"(anonymous_6)","decl":{"start":{"line":63,"column":27},"end":{"line":63,"column":33}},"loc":{"start":{"line":63,"column":33},"end":{"line":63,"column":55}}},"5":{"name":"(anonymous_7)","decl":{"start":{"line":74,"column":27},"end":{"line":74,"column":33}},"loc":{"start":{"line":74,"column":33},"end":{"line":74,"column":55}}},"6":{"name":"(anonymous_8)","decl":{"start":{"line":85,"column":27},"end":{"line":85,"column":33}},"loc":{"start":{"line":85,"column":33},"end":{"line":85,"column":55}}},"7":{"name":"(anonymous_9)","decl":{"start":{"line":96,"column":27},"end":{"line":96,"column":33}},"loc":{"start":{"line":96,"column":33},"end":{"line":96,"column":55}}}},"branchMap":{"0":{"loc":{"start":{"line":20,"column":2},"end":{"line":22,"column":null}},"type":"if","locations":[{"start":{"line":20,"column":2},"end":{"line":22,"column":null}},{"start":{},"end":{}}]},"1":{"loc":{"start":{"line":27,"column":8},"end":{"line":27,"column":null}},"type":"cond-expr","locations":[{"start":{"line":27,"column":28},"end":{"line":27,"column":33}},{"start":{"line":27,"column":33},"end":{"line":27,"column":null}}]}},"s":{"0":31,"1":3,"2":3,"3":3,"4":54,"5":54,"6":26,"7":54,"8":26,"9":18,"10":2,"11":2,"12":2,"13":2,"14":2},"f":{"0":54,"1":26,"2":18,"3":2,"4":2,"5":2,"6":2,"7":2},"b":{"0":[26,28],"1":[25,3]}}
,"/home/pieter/Development/austindest/src/components/socials.tsx": {"path":"/home/pieter/Development/austindest/src/components/socials.tsx","statementMap":{"0":{"start":{"line":3,"column":24},"end":{"line":3,"column":null}}},"fnMap":{"0":{"name":"Socials","decl":{"start":{"line":3,"column":24},"end":{"line":3,"column":null}},"loc":{"start":{"line":3,"column":24},"end":{"line":253,"column":null}}}},"branchMap":{},"s":{"0":19},"f":{"0":16},"b":{}}
,"/home/pieter/Development/austindest/src/components/watch.tsx": {"path":"/home/pieter/Development/austindest/src/components/watch.tsx","statementMap":{"0":{"start":{"line":4,"column":24},"end":{"line":4,"column":null}},"1":{"start":{"line":1,"column":22},"end":{"line":1,"column":null}},"2":{"start":{"line":2,"column":28},"end":{"line":2,"column":null}}},"fnMap":{"0":{"name":"Watch","decl":{"start":{"line":4,"column":24},"end":{"line":4,"column":null}},"loc":{"start":{"line":4,"column":24},"end":{"line":19,"column":null}}}},"branchMap":{},"s":{"0":15,"1":3,"2":3},"f":{"0":12},"b":{}}
,"/home/pieter/Development/austindest/src/components/analytics/PerformanceMonitor.tsx": {"path":"/home/pieter/Development/austindest/src/components/analytics/PerformanceMonitor.tsx","statementMap":{"0":{"start":{"line":5,"column":16},"end":{"line":5,"column":null}},"1":{"start":{"line":3,"column":26},"end":{"line":3,"column":null}},"2":{"start":{"line":6,"column":2},"end":{"line":51,"column":null}},"3":{"start":{"line":7,"column":4},"end":{"line":48,"column":null}},"4":{"start":{"line":8,"column":23},"end":{"line":39,"column":null}},"5":{"start":{"line":9,"column":8},"end":{"line":38,"column":null}},"6":{"start":{"line":10,"column":10},"end":{"line":21,"column":null}},"7":{"start":{"line":11,"column":29},"end":{"line":11,"column":null}},"8":{"start":{"line":12,"column":12},"end":{"line":20,"column":null}},"9":{"start":{"line":13,"column":14},"end":{"line":19,"column":null}},"10":{"start":{"line":23,"column":10},"end":{"line":27,"column":null}},"11":{"start":{"line":24,"column":12},"end":{"line":26,"column":null}},"12":{"start":{"line":25,"column":14},"end":{"line":25,"column":null}},"13":{"start":{"line":29,"column":10},"end":{"line":37,"column":null}},"14":{"start":{"line":30,"column":31},"end":{"line":30,"column":null}},"15":{"start":{"line":31,"column":12},"end":{"line":36,"column":null}},"16":{"start":{"line":32,"column":14},"end":{"line":34,"column":null}},"17":{"start":{"line":41,"column":6},"end":{"line":43,"column":null}},"18":{"start":{"line":45,"column":6},"end":{"line":47,"column":null}},"19":{"start":{"line":46,"column":8},"end":{"line":46,"column":null}},"20":{"start":{"line":50,"column":4},"end":{"line":50,"column":null}},"21":{"start":{"line":53,"column":2},"end":{"line":53,"column":null}}},"fnMap":{"0":{"name":"PerformanceMonitor","decl":{"start":{"line":5,"column":16},"end":{"line":5,"column":null}},"loc":{"start":{"line":5,"column":16},"end":{"line":54,"column":null}}},"1":{"name":"(anonymous_2)","decl":{"start":{"line":6,"column":12},"end":{"line":6,"column":null}},"loc":{"start":{"line":6,"column":12},"end":{"line":51,"column":5}}},"2":{"name":"(anonymous_3)","decl":{"start":{"line":8,"column":47},"end":{"line":8,"column":null}},"loc":{"start":{"line":8,"column":47},"end":{"line":39,"column":null}}},"3":{"name":"(anonymous_4)","decl":{"start":{"line":45,"column":13},"end":{"line":45,"column":null}},"loc":{"start":{"line":45,"column":13},"end":{"line":47,"column":null}}}},"branchMap":{"0":{"loc":{"start":{"line":7,"column":4},"end":{"line":48,"column":null}},"type":"if","locations":[{"start":{"line":7,"column":4},"end":{"line":48,"column":null}},{"start":{},"end":{}}]},"1":{"loc":{"start":{"line":7,"column":8},"end":{"line":7,"column":66}},"type":"binary-expr","locations":[{"start":{"line":7,"column":8},"end":{"line":7,"column":41}},{"start":{"line":7,"column":41},"end":{"line":7,"column":66}}]},"2":{"loc":{"start":{"line":10,"column":10},"end":{"line":21,"column":null}},"type":"if","locations":[{"start":{"line":10,"column":10},"end":{"line":21,"column":null}},{"start":{},"end":{}}]},"3":{"loc":{"start":{"line":12,"column":12},"end":{"line":20,"column":null}},"type":"if","locations":[{"start":{"line":12,"column":12},"end":{"line":20,"column":null}},{"start":{},"end":{}}]},"4":{"loc":{"start":{"line":23,"column":10},"end":{"line":27,"column":null}},"type":"if","locations":[{"start":{"line":23,"column":10},"end":{"line":27,"column":null}},{"start":{},"end":{}}]},"5":{"loc":{"start":{"line":24,"column":12},"end":{"line":26,"column":null}},"type":"if","locations":[{"start":{"line":24,"column":12},"end":{"line":26,"column":null}},{"start":{},"end":{}}]},"6":{"loc":{"start":{"line":29,"column":10},"end":{"line":37,"column":null}},"type":"if","locations":[{"start":{"line":29,"column":10},"end":{"line":37,"column":null}},{"start":{},"end":{}}]},"7":{"loc":{"start":{"line":31,"column":12},"end":{"line":36,"column":null}},"type":"if","locations":[{"start":{"line":31,"column":12},"end":{"line":36,"column":null}},{"start":{},"end":{}}]}},"s":{"0":22,"1":3,"2":19,"3":19,"4":19,"5":8,"6":10,"7":3,"8":3,"9":0,"10":10,"11":3,"12":0,"13":10,"14":3,"15":3,"16":0,"17":19,"18":19,"19":19,"20":0,"21":19},"f":{"0":19,"1":19,"2":8,"3":19},"b":{"0":[19,0],"1":[19,19],"2":[3,7],"3":[0,3],"4":[3,7],"5":[0,3],"6":[3,7],"7":[0,3]}}
,"/home/pieter/Development/austindest/src/components/pwa/PWARegistration.tsx": {"path":"/home/pieter/Development/austindest/src/components/pwa/PWARegistration.tsx","statementMap":{"0":{"start":{"line":5,"column":16},"end":{"line":5,"column":null}},"1":{"start":{"line":3,"column":26},"end":{"line":3,"column":null}},"2":{"start":{"line":6,"column":2},"end":{"line":23,"column":null}},"3":{"start":{"line":7,"column":4},"end":{"line":22,"column":null}},"4":{"start":{"line":8,"column":6},"end":{"line":21,"column":null}},"5":{"start":{"line":9,"column":8},"end":{"line":20,"column":null}},"6":{"start":{"line":12,"column":12},"end":{"line":14,"column":null}},"7":{"start":{"line":13,"column":14},"end":{"line":13,"column":null}},"8":{"start":{"line":17,"column":12},"end":{"line":19,"column":null}},"9":{"start":{"line":18,"column":14},"end":{"line":18,"column":null}},"10":{"start":{"line":25,"column":2},"end":{"line":25,"column":null}}},"fnMap":{"0":{"name":"PWARegistration","decl":{"start":{"line":5,"column":16},"end":{"line":5,"column":null}},"loc":{"start":{"line":5,"column":16},"end":{"line":26,"column":null}}},"1":{"name":"(anonymous_2)","decl":{"start":{"line":6,"column":12},"end":{"line":6,"column":null}},"loc":{"start":{"line":6,"column":12},"end":{"line":23,"column":5}}},"2":{"name":"(anonymous_3)","decl":{"start":{"line":8,"column":38},"end":{"line":8,"column":null}},"loc":{"start":{"line":8,"column":38},"end":{"line":21,"column":null}}},"3":{"name":"(anonymous_4)","decl":{"start":{"line":11,"column":16},"end":{"line":11,"column":null}},"loc":{"start":{"line":11,"column":16},"end":{"line":15,"column":null}}},"4":{"name":"(anonymous_5)","decl":{"start":{"line":16,"column":17},"end":{"line":16,"column":null}},"loc":{"start":{"line":16,"column":17},"end":{"line":20,"column":null}}}},"branchMap":{"0":{"loc":{"start":{"line":7,"column":4},"end":{"line":22,"column":null}},"type":"if","locations":[{"start":{"line":7,"column":4},"end":{"line":22,"column":null}},{"start":{},"end":{}}]},"1":{"loc":{"start":{"line":7,"column":8},"end":{"line":7,"column":71}},"type":"binary-expr","locations":[{"start":{"line":7,"column":8},"end":{"line":7,"column":41}},{"start":{"line":7,"column":41},"end":{"line":7,"column":71}}]},"2":{"loc":{"start":{"line":12,"column":12},"end":{"line":14,"column":null}},"type":"if","locations":[{"start":{"line":12,"column":12},"end":{"line":14,"column":null}},{"start":{},"end":{}}]},"3":{"loc":{"start":{"line":17,"column":12},"end":{"line":19,"column":null}},"type":"if","locations":[{"start":{"line":17,"column":12},"end":{"line":19,"column":null}},{"start":{},"end":{}}]}},"s":{"0":21,"1":3,"2":18,"3":18,"4":18,"5":111,"6":41,"7":0,"8":70,"9":0,"10":18},"f":{"0":18,"1":18,"2":111,"3":41,"4":70},"b":{"0":[18,0],"1":[18,18],"2":[0,41],"3":[0,70]}}
,"/home/pieter/Development/austindest/src/components/seo/StructuredData.tsx": {"path":"/home/pieter/Development/austindest/src/components/seo/StructuredData.tsx","statementMap":{"0":{"start":{"line":1,"column":16},"end":{"line":1,"column":null}},"1":{"start":{"line":2,"column":25},"end":{"line":50,"column":null}}},"fnMap":{"0":{"name":"StructuredData","decl":{"start":{"line":1,"column":16},"end":{"line":1,"column":null}},"loc":{"start":{"line":1,"column":16},"end":{"line":58,"column":null}}}},"branchMap":{},"s":{"0":10,"1":7},"f":{"0":7},"b":{}}
,"/home/pieter/Development/austindest/src/components/ui/Button.tsx": {"path":"/home/pieter/Development/austindest/src/components/ui/Button.tsx","statementMap":{"0":{"start":{"line":81,"column":9},"end":{"line":81,"column":null}},"1":{"start":{"line":3,"column":21},"end":{"line":3,"column":null}},"2":{"start":{"line":4,"column":24},"end":{"line":4,"column":null}},"3":{"start":{"line":5,"column":27},"end":{"line":5,"column":null}},"4":{"start":{"line":7,"column":19},"end":{"line":7,"column":null}},"5":{"start":{"line":24,"column":23},"end":{"line":42,"column":null}},"6":{"start":{"line":44,"column":15},"end":{"line":76,"column":null}},"7":{"start":{"line":58,"column":17},"end":{"line":58,"column":null}},"8":{"start":{"line":79,"column":0},"end":{"line":79,"column":null}}},"fnMap":{"0":{"name":"(anonymous_1)","decl":{"start":{"line":45,"column":2},"end":{"line":45,"column":null}},"loc":{"start":{"line":56,"column":4},"end":{"line":76,"column":null}}}},"branchMap":{"0":{"loc":{"start":{"line":48,"column":6},"end":{"line":48,"column":25}},"type":"default-arg","locations":[{"start":{"line":48,"column":16},"end":{"line":48,"column":25}}]},"1":{"loc":{"start":{"line":49,"column":6},"end":{"line":49,"column":22}},"type":"default-arg","locations":[{"start":{"line":49,"column":13},"end":{"line":49,"column":22}}]},"2":{"loc":{"start":{"line":50,"column":6},"end":{"line":50,"column":21}},"type":"default-arg","locations":[{"start":{"line":50,"column":16},"end":{"line":50,"column":21}}]},"3":{"loc":{"start":{"line":51,"column":6},"end":{"line":51,"column":21}},"type":"default-arg","locations":[{"start":{"line":51,"column":16},"end":{"line":51,"column":21}}]},"4":{"loc":{"start":{"line":58,"column":17},"end":{"line":58,"column":null}},"type":"cond-expr","locations":[{"start":{"line":58,"column":27},"end":{"line":58,"column":31}},{"start":{"line":58,"column":34},"end":{"line":58,"column":null}}]},"5":{"loc":{"start":{"line":69,"column":18},"end":{"line":69,"column":null}},"type":"binary-expr","locations":[{"start":{"line":69,"column":18},"end":{"line":69,"column":30}},{"start":{"line":69,"column":30},"end":{"line":69,"column":null}}]},"6":{"loc":{"start":{"line":72,"column":9},"end":{"line":72,"column":20}},"type":"binary-expr","locations":[{"start":{"line":72,"column":9},"end":{"line":72,"column":20}}]}},"s":{"0":35,"1":5,"2":5,"3":5,"4":5,"5":5,"6":5,"7":32,"8":5},"f":{"0":32},"b":{"0":[14],"1":[17],"2":[32],"3":[29],"4":[0,32],"5":[32,30],"6":[32]}}
,"/home/pieter/Development/austindest/src/components/ui/Container.tsx": {"path":"/home/pieter/Development/austindest/src/components/ui/Container.tsx","statementMap":{"0":{"start":{"line":43,"column":9},"end":{"line":43,"column":null}},"1":{"start":{"line":2,"column":27},"end":{"line":2,"column":null}},"2":{"start":{"line":4,"column":19},"end":{"line":4,"column":null}},"3":{"start":{"line":12,"column":18},"end":{"line":38,"column":null}},"4":{"start":{"line":17,"column":18},"end":{"line":23,"column":null}},"5":{"start":{"line":41,"column":0},"end":{"line":41,"column":null}}},"fnMap":{"0":{"name":"(anonymous_1)","decl":{"start":{"line":13,"column":2},"end":{"line":13,"column":null}},"loc":{"start":{"line":15,"column":4},"end":{"line":38,"column":null}}}},"branchMap":{"0":{"loc":{"start":{"line":14,"column":17},"end":{"line":14,"column":28}},"type":"default-arg","locations":[{"start":{"line":14,"column":24},"end":{"line":14,"column":28}}]},"1":{"loc":{"start":{"line":14,"column":34},"end":{"line":14,"column":51}},"type":"default-arg","locations":[{"start":{"line":14,"column":46},"end":{"line":14,"column":51}}]}},"s":{"0":18,"1":3,"2":3,"3":3,"4":15,"5":3},"f":{"0":15},"b":{"0":[5],"1":[15]}}
,"/home/pieter/Development/austindest/src/components/ui/Image.tsx": {"path":"/home/pieter/Development/austindest/src/components/ui/Image.tsx","statementMap":{"0":{"start":{"line":83,"column":9},"end":{"line":83,"column":27}},"1":{"start":{"line":1,"column":18},"end":{"line":1,"column":null}},"2":{"start":{"line":2,"column":33},"end":{"line":2,"column":null}},"3":{"start":{"line":4,"column":19},"end":{"line":4,"column":null}},"4":{"start":{"line":21,"column":23},"end":{"line":77,"column":null}},"5":{"start":{"line":41,"column":6},"end":{"line":58,"column":null}},"6":{"start":{"line":81,"column":0},"end":{"line":81,"column":null}}},"fnMap":{"0":{"name":"(anonymous_2)","decl":{"start":{"line":23,"column":4},"end":{"line":23,"column":null}},"loc":{"start":{"line":39,"column":6},"end":{"line":77,"column":null}}}},"branchMap":{"0":{"loc":{"start":{"line":30,"column":8},"end":{"line":30,"column":24}},"type":"default-arg","locations":[{"start":{"line":30,"column":19},"end":{"line":30,"column":24}}]},"1":{"loc":{"start":{"line":31,"column":8},"end":{"line":31,"column":20}},"type":"default-arg","locations":[{"start":{"line":31,"column":18},"end":{"line":31,"column":20}}]},"2":{"loc":{"start":{"line":32,"column":8},"end":{"line":32,"column":29}},"type":"default-arg","locations":[{"start":{"line":32,"column":22},"end":{"line":32,"column":29}}]},"3":{"loc":{"start":{"line":35,"column":8},"end":{"line":35,"column":20}},"type":"default-arg","locations":[{"start":{"line":35,"column":15},"end":{"line":35,"column":20}}]},"4":{"loc":{"start":{"line":41,"column":6},"end":{"line":58,"column":null}},"type":"if","locations":[{"start":{"line":41,"column":6},"end":{"line":58,"column":null}},{"start":{},"end":{}}]},"5":{"loc":{"start":{"line":52,"column":17},"end":{"line":52,"column":47}},"type":"binary-expr","locations":[{"start":{"line":52,"column":17},"end":{"line":52,"column":32}},{"start":{"line":52,"column":32},"end":{"line":52,"column":47}}]},"6":{"loc":{"start":{"line":53,"column":17},"end":{"line":53,"column":35}},"type":"binary-expr","locations":[{"start":{"line":53,"column":17},"end":{"line":53,"column":26}},{"start":{"line":53,"column":26},"end":{"line":53,"column":35}}]},"7":{"loc":{"start":{"line":65,"column":17},"end":{"line":65,"column":null}},"type":"binary-expr","locations":[{"start":{"line":65,"column":17},"end":{"line":65,"column":26}},{"start":{"line":65,"column":26},"end":{"line":65,"column":null}}]},"8":{"loc":{"start":{"line":66,"column":18},"end":{"line":66,"column":null}},"type":"binary-expr","locations":[{"start":{"line":66,"column":18},"end":{"line":66,"column":28}},{"start":{"line":66,"column":28},"end":{"line":66,"column":null}}]},"9":{"loc":{"start":{"line":71,"column":15},"end":{"line":71,"column":45}},"type":"binary-expr","locations":[{"start":{"line":71,"column":15},"end":{"line":71,"column":30}},{"start":{"line":71,"column":30},"end":{"line":71,"column":45}}]},"10":{"loc":{"start":{"line":72,"column":15},"end":{"line":72,"column":33}},"type":"binary-expr","locations":[{"start":{"line":72,"column":15},"end":{"line":72,"column":24}},{"start":{"line":72,"column":24},"end":{"line":72,"column":33}}]}},"s":{"0":19,"1":3,"2":3,"3":3,"4":3,"5":16,"6":3},"f":{"0":16},"b":{"0":[15],"1":[15],"2":[15],"3":[11],"4":[5,11],"5":[5,1],"6":[5,1],"7":[11,10],"8":[11,10],"9":[11,2],"10":[11,1]}}
,"/home/pieter/Development/austindest/src/components/ui/Loading.tsx": {"path":"/home/pieter/Development/austindest/src/components/ui/Loading.tsx","statementMap":{"0":{"start":{"line":79,"column":9},"end":{"line":79,"column":18}},"1":{"start":{"line":79,"column":18},"end":{"line":79,"column":31}},"2":{"start":{"line":79,"column":31},"end":{"line":79,"column":null}},"3":{"start":{"line":3,"column":24},"end":{"line":3,"column":null}},"4":{"start":{"line":4,"column":27},"end":{"line":4,"column":null}},"5":{"start":{"line":6,"column":19},"end":{"line":6,"column":null}},"6":{"start":{"line":14,"column":16},"end":{"line":36,"column":null}},"7":{"start":{"line":16,"column":24},"end":{"line":20,"column":null}},"8":{"start":{"line":39,"column":0},"end":{"line":39,"column":null}},"9":{"start":{"line":52,"column":23},"end":{"line":74,"column":null}},"10":{"start":{"line":54,"column":26},"end":{"line":60,"column":null}},"11":{"start":{"line":77,"column":0},"end":{"line":77,"column":null}}},"fnMap":{"0":{"name":"(anonymous_4)","decl":{"start":{"line":15,"column":2},"end":{"line":15,"column":3}},"loc":{"start":{"line":15,"column":52},"end":{"line":36,"column":null}}},"1":{"name":"(anonymous_6)","decl":{"start":{"line":53,"column":2},"end":{"line":53,"column":3}},"loc":{"start":{"line":53,"column":33},"end":{"line":74,"column":null}}}},"branchMap":{"0":{"loc":{"start":{"line":15,"column":5},"end":{"line":15,"column":16}},"type":"default-arg","locations":[{"start":{"line":15,"column":12},"end":{"line":15,"column":16}}]},"1":{"loc":{"start":{"line":15,"column":18},"end":{"line":15,"column":37}},"type":"default-arg","locations":[{"start":{"line":15,"column":25},"end":{"line":15,"column":37}}]},"2":{"loc":{"start":{"line":33,"column":9},"end":{"line":33,"column":17}},"type":"binary-expr","locations":[{"start":{"line":33,"column":9},"end":{"line":33,"column":17}}]},"3":{"loc":{"start":{"line":53,"column":5},"end":{"line":53,"column":18}},"type":"default-arg","locations":[{"start":{"line":53,"column":14},"end":{"line":53,"column":18}}]}},"s":{"0":13,"1":9,"2":15,"3":4,"4":4,"5":4,"6":4,"7":28,"8":4,"9":4,"10":12,"11":4},"f":{"0":28,"1":12},"b":{"0":[4],"1":[20],"2":[28],"3":[2]}}
,"/home/pieter/Development/austindest/src/components/ui/Title.tsx": {"path":"/home/pieter/Development/austindest/src/components/ui/Title.tsx","statementMap":{"0":{"start":{"line":92,"column":9},"end":{"line":92,"column":null}},"1":{"start":{"line":3,"column":27},"end":{"line":3,"column":null}},"2":{"start":{"line":5,"column":19},"end":{"line":5,"column":null}},"3":{"start":{"line":20,"column":14},"end":{"line":87,"column":null}},"4":{"start":{"line":38,"column":6},"end":{"line":38,"column":null}},"5":{"start":{"line":40,"column":24},"end":{"line":45,"column":null}},"6":{"start":{"line":47,"column":32},"end":{"line":52,"column":null}},"7":{"start":{"line":90,"column":0},"end":{"line":90,"column":null}}},"fnMap":{"0":{"name":"(anonymous_1)","decl":{"start":{"line":21,"column":2},"end":{"line":21,"column":null}},"loc":{"start":{"line":35,"column":4},"end":{"line":87,"column":null}}}},"branchMap":{"0":{"loc":{"start":{"line":27,"column":6},"end":{"line":27,"column":17}},"type":"default-arg","locations":[{"start":{"line":27,"column":13},"end":{"line":27,"column":17}}]},"1":{"loc":{"start":{"line":31,"column":6},"end":{"line":31,"column":20}},"type":"default-arg","locations":[{"start":{"line":31,"column":15},"end":{"line":31,"column":20}}]},"2":{"loc":{"start":{"line":38,"column":6},"end":{"line":38,"column":null}},"type":"binary-expr","locations":[{"start":{"line":38,"column":6},"end":{"line":38,"column":16}},{"start":{"line":38,"column":16},"end":{"line":38,"column":77}}]},"3":{"loc":{"start":{"line":38,"column":16},"end":{"line":38,"column":77}},"type":"cond-expr","locations":[{"start":{"line":38,"column":23},"end":{"line":38,"column":32}},{"start":{"line":38,"column":32},"end":{"line":38,"column":77}}]},"4":{"loc":{"start":{"line":38,"column":32},"end":{"line":38,"column":77}},"type":"cond-expr","locations":[{"start":{"line":38,"column":41},"end":{"line":38,"column":52}},{"start":{"line":38,"column":52},"end":{"line":38,"column":77}}]},"5":{"loc":{"start":{"line":38,"column":52},"end":{"line":38,"column":77}},"type":"cond-expr","locations":[{"start":{"line":38,"column":60},"end":{"line":38,"column":70}},{"start":{"line":38,"column":70},"end":{"line":38,"column":77}}]},"6":{"loc":{"start":{"line":60,"column":9},"end":{"line":60,"column":null}},"type":"binary-expr","locations":[{"start":{"line":60,"column":9},"end":{"line":60,"column":null}}]},"7":{"loc":{"start":{"line":72,"column":10},"end":{"line":72,"column":22}},"type":"binary-expr","locations":[{"start":{"line":72,"column":10},"end":{"line":72,"column":22}},{"start":{"line":72,"column":22},"end":{"line":72,"column":29}}]},"8":{"loc":{"start":{"line":78,"column":14},"end":{"line":78,"column":null}},"type":"binary-expr","locations":[{"start":{"line":78,"column":14},"end":{"line":78,"column":24}},{"start":{"line":78,"column":24},"end":{"line":78,"column":null}}]},"9":{"loc":{"start":{"line":82,"column":13},"end":{"line":82,"column":null}},"type":"binary-expr","locations":[{"start":{"line":82,"column":13},"end":{"line":82,"column":25}},{"start":{"line":82,"column":25},"end":{"line":82,"column":null}}]}},"s":{"0":113,"1":9,"2":9,"3":9,"4":110,"5":110,"6":110,"7":9},"f":{"0":110},"b":{"0":[45],"1":[99],"2":[110,35],"3":[1,34],"4":[10,24],"5":[1,23],"6":[110],"7":[110,19],"8":[92,10],"9":[92,1]}}
,"/home/pieter/Development/austindest/src/components/ui/VideoPlayer.tsx": {"path":"/home/pieter/Development/austindest/src/components/ui/VideoPlayer.tsx","statementMap":{"0":{"start":{"line":271,"column":9},"end":{"line":271,"column":null}},"1":{"start":{"line":9,"column":7},"end":{"line":9,"column":null}},"2":{"start":{"line":11,"column":19},"end":{"line":11,"column":null}},"3":{"start":{"line":67,"column":20},"end":{"line":266,"column":null}},"4":{"start":{"line":99,"column":21},"end":{"line":99,"column":null}},"5":{"start":{"line":101,"column":4},"end":{"line":163,"column":null}},"6":{"start":{"line":101,"column":36},"end":{"line":163,"column":null}},"7":{"start":{"line":103,"column":8},"end":{"line":105,"column":null}},"8":{"start":{"line":104,"column":10},"end":{"line":104,"column":null}},"9":{"start":{"line":108,"column":8},"end":{"line":110,"column":null}},"10":{"start":{"line":109,"column":10},"end":{"line":109,"column":null}},"11":{"start":{"line":113,"column":8},"end":{"line":115,"column":null}},"12":{"start":{"line":114,"column":10},"end":{"line":114,"column":null}},"13":{"start":{"line":118,"column":8},"end":{"line":118,"column":null}},"14":{"start":{"line":121,"column":8},"end":{"line":121,"column":null}},"15":{"start":{"line":124,"column":8},"end":{"line":124,"column":null}},"16":{"start":{"line":127,"column":8},"end":{"line":127,"column":null}},"17":{"start":{"line":130,"column":8},"end":{"line":130,"column":null}},"18":{"start":{"line":133,"column":8},"end":{"line":133,"column":null}},"19":{"start":{"line":136,"column":8},"end":{"line":136,"column":null}},"20":{"start":{"line":139,"column":8},"end":{"line":139,"column":null}},"21":{"start":{"line":142,"column":8},"end":{"line":142,"column":null}},"22":{"start":{"line":145,"column":8},"end":{"line":145,"column":null}},"23":{"start":{"line":148,"column":8},"end":{"line":150,"column":null}},"24":{"start":{"line":149,"column":10},"end":{"line":149,"column":null}},"25":{"start":{"line":153,"column":8},"end":{"line":155,"column":null}},"26":{"start":{"line":154,"column":10},"end":{"line":154,"column":null}},"27":{"start":{"line":158,"column":8},"end":{"line":160,"column":null}},"28":{"start":{"line":159,"column":10},"end":{"line":159,"column":null}},"29":{"start":{"line":162,"column":29},"end":{"line":162,"column":45}},"30":{"start":{"line":165,"column":23},"end":{"line":167,"column":null}},"31":{"start":{"line":166,"column":6},"end":{"line":166,"column":null}},"32":{"start":{"line":169,"column":24},"end":{"line":171,"column":null}},"33":{"start":{"line":170,"column":6},"end":{"line":170,"column":null}},"34":{"start":{"line":173,"column":24},"end":{"line":175,"column":null}},"35":{"start":{"line":174,"column":6},"end":{"line":174,"column":null}},"36":{"start":{"line":177,"column":24},"end":{"line":181,"column":null}},"37":{"start":{"line":179,"column":8},"end":{"line":179,"column":null}},"38":{"start":{"line":184,"column":28},"end":{"line":186,"column":null}},"39":{"start":{"line":185,"column":6},"end":{"line":185,"column":null}},"40":{"start":{"line":188,"column":29},"end":{"line":190,"column":null}},"41":{"start":{"line":189,"column":6},"end":{"line":189,"column":null}},"42":{"start":{"line":192,"column":33},"end":{"line":199,"column":null}},"43":{"start":{"line":194,"column":8},"end":{"line":196,"column":null}},"44":{"start":{"line":195,"column":10},"end":{"line":195,"column":null}},"45":{"start":{"line":197,"column":8},"end":{"line":197,"column":null}},"46":{"start":{"line":202,"column":26},"end":{"line":204,"column":null}},"47":{"start":{"line":203,"column":6},"end":{"line":203,"column":null}},"48":{"start":{"line":206,"column":33},"end":{"line":208,"column":null}},"49":{"start":{"line":207,"column":6},"end":{"line":207,"column":null}},"50":{"start":{"line":210,"column":29},"end":{"line":214,"column":null}},"51":{"start":{"line":212,"column":8},"end":{"line":212,"column":null}},"52":{"start":{"line":217,"column":31},"end":{"line":221,"column":null}},"53":{"start":{"line":219,"column":8},"end":{"line":219,"column":null}},"54":{"start":{"line":224,"column":33},"end":{"line":228,"column":null}},"55":{"start":{"line":226,"column":8},"end":{"line":226,"column":null}},"56":{"start":{"line":245,"column":17},"end":{"line":248,"column":null}},"57":{"start":{"line":269,"column":0},"end":{"line":269,"column":null}}},"fnMap":{"0":{"name":"(anonymous_1)","decl":{"start":{"line":68,"column":2},"end":{"line":68,"column":null}},"loc":{"start":{"line":97,"column":4},"end":{"line":266,"column":null}}},"1":{"name":"(anonymous_2)","decl":{"start":{"line":101,"column":29},"end":{"line":101,"column":36}},"loc":{"start":{"line":101,"column":36},"end":{"line":163,"column":null}}},"2":{"name":"(anonymous_3)","decl":{"start":{"line":102,"column":12},"end":{"line":102,"column":null}},"loc":{"start":{"line":102,"column":12},"end":{"line":106,"column":null}}},"3":{"name":"(anonymous_4)","decl":{"start":{"line":107,"column":13},"end":{"line":107,"column":null}},"loc":{"start":{"line":107,"column":13},"end":{"line":111,"column":null}}},"4":{"name":"(anonymous_5)","decl":{"start":{"line":112,"column":12},"end":{"line":112,"column":null}},"loc":{"start":{"line":112,"column":12},"end":{"line":116,"column":null}}},"5":{"name":"(anonymous_6)","decl":{"start":{"line":117,"column":6},"end":{"line":117,"column":10}},"loc":{"start":{"line":117,"column":24},"end":{"line":119,"column":null}}},"6":{"name":"(anonymous_7)","decl":{"start":{"line":120,"column":6},"end":{"line":120,"column":10}},"loc":{"start":{"line":120,"column":21},"end":{"line":122,"column":null}}},"7":{"name":"(anonymous_8)","decl":{"start":{"line":123,"column":6},"end":{"line":123,"column":10}},"loc":{"start":{"line":123,"column":19},"end":{"line":125,"column":null}}},"8":{"name":"(anonymous_9)","decl":{"start":{"line":126,"column":6},"end":{"line":126,"column":10}},"loc":{"start":{"line":126,"column":18},"end":{"line":128,"column":null}}},"9":{"name":"(anonymous_10)","decl":{"start":{"line":129,"column":6},"end":{"line":129,"column":10}},"loc":{"start":{"line":129,"column":19},"end":{"line":131,"column":null}}},"10":{"name":"(anonymous_11)","decl":{"start":{"line":132,"column":6},"end":{"line":132,"column":10}},"loc":{"start":{"line":132,"column":18},"end":{"line":134,"column":null}}},"11":{"name":"(anonymous_12)","decl":{"start":{"line":135,"column":6},"end":{"line":135,"column":10}},"loc":{"start":{"line":135,"column":23},"end":{"line":137,"column":null}}},"12":{"name":"(anonymous_13)","decl":{"start":{"line":138,"column":6},"end":{"line":138,"column":10}},"loc":{"start":{"line":138,"column":25},"end":{"line":140,"column":null}}},"13":{"name":"(anonymous_14)","decl":{"start":{"line":141,"column":6},"end":{"line":141,"column":10}},"loc":{"start":{"line":141,"column":23},"end":{"line":143,"column":null}}},"14":{"name":"(anonymous_15)","decl":{"start":{"line":144,"column":6},"end":{"line":144,"column":10}},"loc":{"start":{"line":144,"column":24},"end":{"line":146,"column":null}}},"15":{"name":"(anonymous_16)","decl":{"start":{"line":147,"column":14},"end":{"line":147,"column":15}},"loc":{"start":{"line":147,"column":15},"end":{"line":151,"column":null}}},"16":{"name":"(anonymous_17)","decl":{"start":{"line":152,"column":17},"end":{"line":152,"column":18}},"loc":{"start":{"line":152,"column":18},"end":{"line":156,"column":null}}},"17":{"name":"(anonymous_18)","decl":{"start":{"line":157,"column":16},"end":{"line":157,"column":17}},"loc":{"start":{"line":157,"column":17},"end":{"line":161,"column":null}}},"18":{"name":"(anonymous_19)","decl":{"start":{"line":162,"column":23},"end":{"line":162,"column":29}},"loc":{"start":{"line":162,"column":29},"end":{"line":162,"column":45}}},"19":{"name":"(anonymous_20)","decl":{"start":{"line":165,"column":35},"end":{"line":165,"column":null}},"loc":{"start":{"line":165,"column":35},"end":{"line":167,"column":7}}},"20":{"name":"(anonymous_21)","decl":{"start":{"line":169,"column":36},"end":{"line":169,"column":null}},"loc":{"start":{"line":169,"column":36},"end":{"line":171,"column":7}}},"21":{"name":"(anonymous_22)","decl":{"start":{"line":173,"column":36},"end":{"line":173,"column":null}},"loc":{"start":{"line":173,"column":36},"end":{"line":175,"column":7}}},"22":{"name":"(anonymous_23)","decl":{"start":{"line":178,"column":6},"end":{"line":178,"column":7}},"loc":{"start":{"line":178,"column":7},"end":{"line":180,"column":null}}},"23":{"name":"(anonymous_24)","decl":{"start":{"line":184,"column":40},"end":{"line":184,"column":null}},"loc":{"start":{"line":184,"column":40},"end":{"line":186,"column":7}}},"24":{"name":"(anonymous_25)","decl":{"start":{"line":188,"column":41},"end":{"line":188,"column":null}},"loc":{"start":{"line":188,"column":41},"end":{"line":190,"column":7}}},"25":{"name":"(anonymous_26)","decl":{"start":{"line":193,"column":6},"end":{"line":193,"column":7}},"loc":{"start":{"line":193,"column":7},"end":{"line":198,"column":null}}},"26":{"name":"(anonymous_27)","decl":{"start":{"line":202,"column":38},"end":{"line":202,"column":null}},"loc":{"start":{"line":202,"column":38},"end":{"line":204,"column":7}}},"27":{"name":"(anonymous_28)","decl":{"start":{"line":206,"column":45},"end":{"line":206,"column":null}},"loc":{"start":{"line":206,"column":45},"end":{"line":208,"column":7}}},"28":{"name":"(anonymous_29)","decl":{"start":{"line":211,"column":6},"end":{"line":211,"column":7}},"loc":{"start":{"line":211,"column":7},"end":{"line":213,"column":null}}},"29":{"name":"(anonymous_30)","decl":{"start":{"line":218,"column":6},"end":{"line":218,"column":7}},"loc":{"start":{"line":218,"column":7},"end":{"line":220,"column":null}}},"30":{"name":"(anonymous_31)","decl":{"start":{"line":225,"column":6},"end":{"line":225,"column":7}},"loc":{"start":{"line":225,"column":7},"end":{"line":227,"column":null}}},"31":{"name":"(anonymous_32)","decl":{"start":{"line":245,"column":10},"end":{"line":245,"column":17}},"loc":{"start":{"line":245,"column":17},"end":{"line":248,"column":null}}}},"branchMap":{"0":{"loc":{"start":{"line":73,"column":6},"end":{"line":73,"column":21}},"type":"default-arg","locations":[{"start":{"line":73,"column":17},"end":{"line":73,"column":21}}]},"1":{"loc":{"start":{"line":74,"column":6},"end":{"line":74,"column":22}},"type":"default-arg","locations":[{"start":{"line":74,"column":17},"end":{"line":74,"column":22}}]},"2":{"loc":{"start":{"line":75,"column":6},"end":{"line":75,"column":18}},"type":"default-arg","locations":[{"start":{"line":75,"column":13},"end":{"line":75,"column":18}}]},"3":{"loc":{"start":{"line":76,"column":6},"end":{"line":76,"column":19}},"type":"default-arg","locations":[{"start":{"line":76,"column":14},"end":{"line":76,"column":19}}]},"4":{"loc":{"start":{"line":77,"column":6},"end":{"line":77,"column":21}},"type":"default-arg","locations":[{"start":{"line":77,"column":16},"end":{"line":77,"column":21}}]},"5":{"loc":{"start":{"line":78,"column":6},"end":{"line":78,"column":20}},"type":"default-arg","locations":[{"start":{"line":78,"column":14},"end":{"line":78,"column":20}}]},"6":{"loc":{"start":{"line":79,"column":6},"end":{"line":79,"column":21}},"type":"default-arg","locations":[{"start":{"line":79,"column":15},"end":{"line":79,"column":21}}]},"7":{"loc":{"start":{"line":80,"column":6},"end":{"line":80,"column":22}},"type":"default-arg","locations":[{"start":{"line":80,"column":21},"end":{"line":80,"column":22}}]},"8":{"loc":{"start":{"line":81,"column":6},"end":{"line":81,"column":26}},"type":"default-arg","locations":[{"start":{"line":81,"column":16},"end":{"line":81,"column":26}}]},"9":{"loc":{"start":{"line":103,"column":8},"end":{"line":105,"column":null}},"type":"if","locations":[{"start":{"line":103,"column":8},"end":{"line":105,"column":null}},{"start":{},"end":{}}]},"10":{"loc":{"start":{"line":108,"column":8},"end":{"line":110,"column":null}},"type":"if","locations":[{"start":{"line":108,"column":8},"end":{"line":110,"column":null}},{"start":{},"end":{}}]},"11":{"loc":{"start":{"line":113,"column":8},"end":{"line":115,"column":null}},"type":"if","locations":[{"start":{"line":113,"column":8},"end":{"line":115,"column":null}},{"start":{},"end":{}}]},"12":{"loc":{"start":{"line":118,"column":15},"end":{"line":118,"column":null}},"type":"binary-expr","locations":[{"start":{"line":118,"column":15},"end":{"line":118,"column":48}},{"start":{"line":118,"column":48},"end":{"line":118,"column":null}}]},"13":{"loc":{"start":{"line":121,"column":15},"end":{"line":121,"column":null}},"type":"binary-expr","locations":[{"start":{"line":121,"column":15},"end":{"line":121,"column":45}},{"start":{"line":121,"column":45},"end":{"line":121,"column":null}}]},"14":{"loc":{"start":{"line":124,"column":15},"end":{"line":124,"column":null}},"type":"binary-expr","locations":[{"start":{"line":124,"column":15},"end":{"line":124,"column":43}},{"start":{"line":124,"column":43},"end":{"line":124,"column":null}}]},"15":{"loc":{"start":{"line":127,"column":15},"end":{"line":127,"column":null}},"type":"binary-expr","locations":[{"start":{"line":127,"column":15},"end":{"line":127,"column":42}},{"start":{"line":127,"column":42},"end":{"line":127,"column":null}}]},"16":{"loc":{"start":{"line":130,"column":15},"end":{"line":130,"column":null}},"type":"binary-expr","locations":[{"start":{"line":130,"column":15},"end":{"line":130,"column":43}},{"start":{"line":130,"column":43},"end":{"line":130,"column":null}}]},"17":{"loc":{"start":{"line":133,"column":15},"end":{"line":133,"column":null}},"type":"binary-expr","locations":[{"start":{"line":133,"column":15},"end":{"line":133,"column":42}},{"start":{"line":133,"column":42},"end":{"line":133,"column":null}}]},"18":{"loc":{"start":{"line":136,"column":15},"end":{"line":136,"column":null}},"type":"binary-expr","locations":[{"start":{"line":136,"column":15},"end":{"line":136,"column":47}},{"start":{"line":136,"column":47},"end":{"line":136,"column":null}}]},"19":{"loc":{"start":{"line":139,"column":15},"end":{"line":139,"column":null}},"type":"binary-expr","locations":[{"start":{"line":139,"column":15},"end":{"line":139,"column":49}},{"start":{"line":139,"column":49},"end":{"line":139,"column":null}}]},"20":{"loc":{"start":{"line":142,"column":15},"end":{"line":142,"column":null}},"type":"binary-expr","locations":[{"start":{"line":142,"column":15},"end":{"line":142,"column":47}},{"start":{"line":142,"column":47},"end":{"line":142,"column":null}}]},"21":{"loc":{"start":{"line":145,"column":15},"end":{"line":145,"column":null}},"type":"binary-expr","locations":[{"start":{"line":145,"column":15},"end":{"line":145,"column":48}},{"start":{"line":145,"column":48},"end":{"line":145,"column":null}}]},"22":{"loc":{"start":{"line":148,"column":8},"end":{"line":150,"column":null}},"type":"if","locations":[{"start":{"line":148,"column":8},"end":{"line":150,"column":null}},{"start":{},"end":{}}]},"23":{"loc":{"start":{"line":153,"column":8},"end":{"line":155,"column":null}},"type":"if","locations":[{"start":{"line":153,"column":8},"end":{"line":155,"column":null}},{"start":{},"end":{}}]},"24":{"loc":{"start":{"line":158,"column":8},"end":{"line":160,"column":null}},"type":"if","locations":[{"start":{"line":158,"column":8},"end":{"line":160,"column":null}},{"start":{},"end":{}}]},"25":{"loc":{"start":{"line":194,"column":8},"end":{"line":196,"column":null}},"type":"if","locations":[{"start":{"line":194,"column":8},"end":{"line":196,"column":null}},{"start":{},"end":{}}]},"26":{"loc":{"start":{"line":238,"column":18},"end":{"line":238,"column":null}},"type":"binary-expr","locations":[{"start":{"line":238,"column":18},"end":{"line":238,"column":30}},{"start":{"line":238,"column":30},"end":{"line":238,"column":null}}]},"27":{"loc":{"start":{"line":246,"column":19},"end":{"line":246,"column":null}},"type":"cond-expr","locations":[{"start":{"line":246,"column":47},"end":{"line":246,"column":59}},{"start":{"line":246,"column":62},"end":{"line":246,"column":null}}]},"28":{"loc":{"start":{"line":247,"column":20},"end":{"line":247,"column":null}},"type":"cond-expr","locations":[{"start":{"line":247,"column":49},"end":{"line":247,"column":62}},{"start":{"line":247,"column":65},"end":{"line":247,"column":null}}]}},"s":{"0":40,"1":3,"2":3,"3":3,"4":37,"5":37,"6":13,"7":4,"8":4,"9":4,"10":4,"11":4,"12":4,"13":3,"14":3,"15":3,"16":3,"17":3,"18":3,"19":3,"20":3,"21":3,"22":3,"23":4,"24":4,"25":9,"26":9,"27":4,"28":4,"29":3,"30":37,"31":1,"32":37,"33":1,"34":37,"35":1,"36":37,"37":2,"38":37,"39":1,"40":37,"41":1,"42":37,"43":4,"44":4,"45":4,"46":37,"47":1,"48":37,"49":1,"50":37,"51":2,"52":37,"53":2,"54":37,"55":4,"56":37,"57":3},"f":{"0":37,"1":13,"2":4,"3":4,"4":4,"5":3,"6":3,"7":3,"8":3,"9":3,"10":3,"11":3,"12":3,"13":3,"14":3,"15":4,"16":9,"17":4,"18":3,"19":1,"20":1,"21":1,"22":2,"23":1,"24":1,"25":4,"26":1,"27":1,"28":2,"29":2,"30":4,"31":37},"b":{"0":[37],"1":[36],"2":[36],"3":[36],"4":[36],"5":[35],"6":[35],"7":[33],"8":[36],"9":[4,0],"10":[4,0],"11":[4,0],"12":[3,3],"13":[3,0],"14":[3,0],"15":[3,3],"16":[3,0],"17":[3,3],"18":[3,0],"19":[3,0],"20":[3,0],"21":[3,0],"22":[4,0],"23":[9,0],"24":[4,0],"25":[4,0],"26":[37,36],"27":[1,36],"28":[1,36]}}
,"/home/pieter/Development/austindest/src/constants/navigation.ts": {"path":"/home/pieter/Development/austindest/src/constants/navigation.ts","statementMap":{"0":{"start":{"line":3,"column":13},"end":{"line":3,"column":45}},"1":{"start":{"line":3,"column":45},"end":{"line":10,"column":null}}},"fnMap":{},"branchMap":{},"s":{"0":58,"1":4},"f":{},"b":{}}
,"/home/pieter/Development/austindest/src/lib/store.ts": {"path":"/home/pieter/Development/austindest/src/lib/store.ts","statementMap":{"0":{"start":{"line":34,"column":13},"end":{"line":34,"column":27}},"1":{"start":{"line":3,"column":23},"end":{"line":3,"column":null}},"2":{"start":{"line":4,"column":34},"end":{"line":4,"column":null}},"3":{"start":{"line":26,"column":31},"end":{"line":32,"column":null}},"4":{"start":{"line":34,"column":27},"end":{"line":65,"column":null}},"5":{"start":{"line":37,"column":22},"end":{"line":54,"column":null}},"6":{"start":{"line":40,"column":32},"end":{"line":40,"column":null}},"7":{"start":{"line":43,"column":10},"end":{"line":43,"column":null}},"8":{"start":{"line":43,"column":24},"end":{"line":43,"column":null}},"9":{"start":{"line":45,"column":40},"end":{"line":45,"column":null}},"10":{"start":{"line":47,"column":37},"end":{"line":47,"column":null}},"11":{"start":{"line":49,"column":31},"end":{"line":49,"column":null}},"12":{"start":{"line":51,"column":27},"end":{"line":51,"column":null}},"13":{"start":{"line":53,"column":21},"end":{"line":53,"column":null}},"14":{"start":{"line":57,"column":30},"end":{"line":60,"column":null}}},"fnMap":{"0":{"name":"(anonymous_1)","decl":{"start":{"line":37,"column":6},"end":{"line":37,"column":7}},"loc":{"start":{"line":37,"column":22},"end":{"line":54,"column":null}}},"1":{"name":"(anonymous_2)","decl":{"start":{"line":40,"column":24},"end":{"line":40,"column":32}},"loc":{"start":{"line":40,"column":32},"end":{"line":40,"column":null}}},"2":{"name":"(anonymous_3)","decl":{"start":{"line":42,"column":23},"end":{"line":42,"column":null}},"loc":{"start":{"line":43,"column":10},"end":{"line":43,"column":null}}},"3":{"name":"(anonymous_4)","decl":{"start":{"line":43,"column":14},"end":{"line":43,"column":24}},"loc":{"start":{"line":43,"column":24},"end":{"line":43,"column":null}}},"4":{"name":"(anonymous_5)","decl":{"start":{"line":45,"column":26},"end":{"line":45,"column":40}},"loc":{"start":{"line":45,"column":40},"end":{"line":45,"column":null}}},"5":{"name":"(anonymous_6)","decl":{"start":{"line":47,"column":26},"end":{"line":47,"column":37}},"loc":{"start":{"line":47,"column":37},"end":{"line":47,"column":null}}},"6":{"name":"(anonymous_7)","decl":{"start":{"line":49,"column":20},"end":{"line":49,"column":31}},"loc":{"start":{"line":49,"column":31},"end":{"line":49,"column":null}}},"7":{"name":"(anonymous_8)","decl":{"start":{"line":51,"column":18},"end":{"line":51,"column":27}},"loc":{"start":{"line":51,"column":27},"end":{"line":51,"column":null}}},"8":{"name":"(anonymous_9)","decl":{"start":{"line":53,"column":15},"end":{"line":53,"column":21}},"loc":{"start":{"line":53,"column":21},"end":{"line":53,"column":null}}},"9":{"name":"(anonymous_10)","decl":{"start":{"line":57,"column":20},"end":{"line":57,"column":30}},"loc":{"start":{"line":57,"column":30},"end":{"line":60,"column":null}}}},"branchMap":{},"s":{"0":22,"1":3,"2":3,"3":3,"4":3,"5":3,"6":2,"7":2,"8":2,"9":2,"10":2,"11":2,"12":5,"13":2,"14":17},"f":{"0":3,"1":2,"2":2,"3":2,"4":2,"5":2,"6":2,"7":5,"8":2,"9":17},"b":{}}
,"/home/pieter/Development/austindest/src/lib/utils.ts": {"path":"/home/pieter/Development/austindest/src/lib/utils.ts","statementMap":{"0":{"start":{"line":4,"column":16},"end":{"line":4,"column":19}},"1":{"start":{"line":1,"column":38},"end":{"line":1,"column":null}},"2":{"start":{"line":2,"column":24},"end":{"line":2,"column":null}},"3":{"start":{"line":5,"column":2},"end":{"line":5,"column":null}}},"fnMap":{"0":{"name":"cn","decl":{"start":{"line":4,"column":16},"end":{"line":4,"column":19}},"loc":{"start":{"line":4,"column":42},"end":{"line":6,"column":null}}}},"branchMap":{},"s":{"0":417,"1":18,"2":18,"3":417},"f":{"0":417},"b":{}}
}
