{"/home/pieter/Development/austindest/src/app/layout.tsx": {"path":"/home/pieter/Development/austindest/src/app/layout.tsx","statementMap":{"0":{"start":{"line":41,"column":24},"end":{"line":41,"column":35}},"1":{"start":{"line":8,"column":13},"end":{"line":8,"column":34}},"2":{"start":{"line":37,"column":13},"end":{"line":37,"column":34}},"3":{"start":{"line":1,"column":7},"end":{"line":1,"column":null}},"4":{"start":{"line":3,"column":22},"end":{"line":3,"column":null}},"5":{"start":{"line":4,"column":28},"end":{"line":4,"column":null}},"6":{"start":{"line":6,"column":14},"end":{"line":6,"column":null}},"7":{"start":{"line":8,"column":34},"end":{"line":35,"column":null}},"8":{"start":{"line":37,"column":34},"end":{"line":39,"column":null}}},"fnMap":{"0":{"name":"RootLayout","decl":{"start":{"line":41,"column":24},"end":{"line":41,"column":35}},"loc":{"start":{"line":45,"column":1},"end":{"line":51,"column":null}}}},"branchMap":{},"s":{"0":3,"1":6,"2":2,"3":1,"4":1,"5":1,"6":1,"7":1,"8":1},"f":{"0":3},"b":{}}
,"/home/pieter/Development/austindest/src/app/page.tsx": {"path":"/home/pieter/Development/austindest/src/app/page.tsx","statementMap":{"0":{"start":{"line":12,"column":24},"end":{"line":12,"column":null}},"1":{"start":{"line":1,"column":19},"end":{"line":1,"column":null}},"2":{"start":{"line":2,"column":24},"end":{"line":2,"column":null}},"3":{"start":{"line":3,"column":20},"end":{"line":3,"column":null}},"4":{"start":{"line":4,"column":22},"end":{"line":4,"column":null}},"5":{"start":{"line":5,"column":18},"end":{"line":5,"column":null}},"6":{"start":{"line":6,"column":17},"end":{"line":6,"column":null}},"7":{"start":{"line":7,"column":16},"end":{"line":7,"column":null}},"8":{"start":{"line":8,"column":19},"end":{"line":8,"column":null}},"9":{"start":{"line":9,"column":20},"end":{"line":9,"column":null}},"10":{"start":{"line":10,"column":22},"end":{"line":10,"column":null}}},"fnMap":{"0":{"name":"Home","decl":{"start":{"line":12,"column":24},"end":{"line":12,"column":null}},"loc":{"start":{"line":12,"column":24},"end":{"line":45,"column":null}}}},"branchMap":{},"s":{"0":4,"1":1,"2":1,"3":1,"4":1,"5":1,"6":1,"7":1,"8":1,"9":1,"10":1},"f":{"0":4},"b":{}}
,"/home/pieter/Development/austindest/src/components/index.ts": {"path":"/home/pieter/Development/austindest/src/components/index.ts","statementMap":{"0":{"start":{"line":17,"column":20},"end":{"line":17,"column":31}},"1":{"start":{"line":18,"column":20},"end":{"line":18,"column":35}},"2":{"start":{"line":15,"column":20},"end":{"line":15,"column":37}},"3":{"start":{"line":1,"column":9},"end":{"line":1,"column":31}},"4":{"start":{"line":2,"column":9},"end":{"line":2,"column":30}},"5":{"start":{"line":19,"column":20},"end":{"line":19,"column":32}},"6":{"start":{"line":12,"column":20},"end":{"line":12,"column":34}},"7":{"start":{"line":3,"column":9},"end":{"line":3,"column":26}},"8":{"start":{"line":20,"column":20},"end":{"line":20,"column":35}},"9":{"start":{"line":21,"column":20},"end":{"line":21,"column":37}},"10":{"start":{"line":4,"column":9},"end":{"line":4,"column":27}},"11":{"start":{"line":22,"column":20},"end":{"line":22,"column":34}},"12":{"start":{"line":5,"column":9},"end":{"line":5,"column":31}},"13":{"start":{"line":9,"column":20},"end":{"line":9,"column":32}},"14":{"start":{"line":6,"column":9},"end":{"line":6,"column":31}},"15":{"start":{"line":13,"column":9},"end":{"line":13,"column":24}},"16":{"start":{"line":7,"column":9},"end":{"line":7,"column":30}},"17":{"start":{"line":14,"column":20},"end":{"line":14,"column":35}},"18":{"start":{"line":8,"column":9},"end":{"line":8,"column":27}},"19":{"start":{"line":23,"column":20},"end":{"line":23,"column":35}},"20":{"start":{"line":10,"column":9},"end":{"line":10,"column":22}},"21":{"start":{"line":24,"column":20},"end":{"line":24,"column":33}},"22":{"start":{"line":1,"column":31},"end":{"line":1,"column":null}},"23":{"start":{"line":2,"column":30},"end":{"line":2,"column":null}},"24":{"start":{"line":3,"column":26},"end":{"line":3,"column":null}},"25":{"start":{"line":4,"column":27},"end":{"line":4,"column":null}},"26":{"start":{"line":5,"column":31},"end":{"line":5,"column":null}},"27":{"start":{"line":6,"column":31},"end":{"line":6,"column":null}},"28":{"start":{"line":7,"column":30},"end":{"line":7,"column":null}},"29":{"start":{"line":8,"column":27},"end":{"line":8,"column":null}},"30":{"start":{"line":9,"column":32},"end":{"line":9,"column":null}},"31":{"start":{"line":10,"column":22},"end":{"line":10,"column":null}},"32":{"start":{"line":12,"column":34},"end":{"line":12,"column":null}},"33":{"start":{"line":13,"column":24},"end":{"line":13,"column":null}},"34":{"start":{"line":14,"column":35},"end":{"line":14,"column":null}},"35":{"start":{"line":15,"column":37},"end":{"line":15,"column":null}},"36":{"start":{"line":17,"column":31},"end":{"line":17,"column":null}},"37":{"start":{"line":18,"column":35},"end":{"line":18,"column":null}},"38":{"start":{"line":19,"column":32},"end":{"line":19,"column":null}},"39":{"start":{"line":20,"column":35},"end":{"line":20,"column":null}},"40":{"start":{"line":21,"column":37},"end":{"line":21,"column":null}},"41":{"start":{"line":22,"column":34},"end":{"line":22,"column":null}},"42":{"start":{"line":23,"column":35},"end":{"line":23,"column":null}},"43":{"start":{"line":24,"column":33},"end":{"line":24,"column":null}}},"fnMap":{},"branchMap":{},"s":{"0":2,"1":2,"2":2,"3":2,"4":2,"5":2,"6":2,"7":2,"8":2,"9":2,"10":2,"11":2,"12":2,"13":2,"14":2,"15":2,"16":2,"17":2,"18":2,"19":2,"20":2,"21":2,"22":1,"23":1,"24":1,"25":1,"26":1,"27":1,"28":1,"29":1,"30":1,"31":1,"32":1,"33":1,"34":1,"35":1,"36":1,"37":1,"38":1,"39":1,"40":1,"41":1,"42":1,"43":1},"f":{},"b":{}}
,"/home/pieter/Development/austindest/src/components/features/bio.tsx": {"path":"/home/pieter/Development/austindest/src/components/features/bio.tsx","statementMap":{"0":{"start":{"line":6,"column":24},"end":{"line":6,"column":null}},"1":{"start":{"line":1,"column":30},"end":{"line":1,"column":null}},"2":{"start":{"line":2,"column":26},"end":{"line":2,"column":null}},"3":{"start":{"line":3,"column":27},"end":{"line":3,"column":null}},"4":{"start":{"line":4,"column":7},"end":{"line":4,"column":null}}},"fnMap":{"0":{"name":"Bio","decl":{"start":{"line":6,"column":24},"end":{"line":6,"column":null}},"loc":{"start":{"line":6,"column":24},"end":{"line":51,"column":null}}}},"branchMap":{},"s":{"0":6,"1":2,"2":2,"3":2,"4":2},"f":{"0":4},"b":{}}
,"/home/pieter/Development/austindest/src/components/features/contact.tsx": {"path":"/home/pieter/Development/austindest/src/components/features/contact.tsx","statementMap":{"0":{"start":{"line":5,"column":24},"end":{"line":5,"column":null}},"1":{"start":{"line":1,"column":30},"end":{"line":1,"column":null}},"2":{"start":{"line":2,"column":27},"end":{"line":2,"column":null}},"3":{"start":{"line":3,"column":29},"end":{"line":3,"column":null}}},"fnMap":{"0":{"name":"Contact","decl":{"start":{"line":5,"column":24},"end":{"line":5,"column":null}},"loc":{"start":{"line":5,"column":24},"end":{"line":32,"column":null}}}},"branchMap":{},"s":{"0":8,"1":2,"2":2,"3":2},"f":{"0":6},"b":{}}
,"/home/pieter/Development/austindest/src/components/features/gigs.tsx": {"path":"/home/pieter/Development/austindest/src/components/features/gigs.tsx","statementMap":{"0":{"start":{"line":74,"column":24},"end":{"line":74,"column":null}},"1":{"start":{"line":2,"column":30},"end":{"line":2,"column":null}},"2":{"start":{"line":3,"column":27},"end":{"line":3,"column":null}},"3":{"start":{"line":4,"column":21},"end":{"line":4,"column":null}},"4":{"start":{"line":5,"column":69},"end":{"line":5,"column":null}},"5":{"start":{"line":75,"column":23},"end":{"line":75,"column":null}},"6":{"start":{"line":76,"column":21},"end":{"line":76,"column":null}},"7":{"start":{"line":91,"column":16},"end":{"line":91,"column":46}},"8":{"start":{"line":101,"column":16},"end":{"line":101,"column":44}}},"fnMap":{"0":{"name":"Gigs","decl":{"start":{"line":74,"column":24},"end":{"line":74,"column":null}},"loc":{"start":{"line":74,"column":24},"end":{"line":109,"column":null}}},"1":{"name":"(anonymous_4)","decl":{"start":{"line":90,"column":32},"end":{"line":90,"column":33}},"loc":{"start":{"line":91,"column":16},"end":{"line":91,"column":46}}},"2":{"name":"(anonymous_5)","decl":{"start":{"line":100,"column":30},"end":{"line":100,"column":31}},"loc":{"start":{"line":101,"column":16},"end":{"line":101,"column":44}}}},"branchMap":{"0":{"loc":{"start":{"line":42,"column":8},"end":{"line":53,"column":null}},"type":"cond-expr","locations":[{"start":{"line":42,"column":8},"end":{"line":53,"column":null}}]},"1":{"loc":{"start":{"line":65,"column":7},"end":{"line":65,"column":15}},"type":"binary-expr","locations":[{"start":{"line":65,"column":7},"end":{"line":65,"column":15}}]}},"s":{"0":14,"1":2,"2":2,"3":2,"4":2,"5":12,"6":12,"7":0,"8":36},"f":{"0":12,"1":0,"2":36},"b":{"0":[12],"1":[36]}}
,"/home/pieter/Development/austindest/src/components/features/landing.tsx": {"path":"/home/pieter/Development/austindest/src/components/features/landing.tsx","statementMap":{"0":{"start":{"line":4,"column":24},"end":{"line":4,"column":null}},"1":{"start":{"line":1,"column":22},"end":{"line":1,"column":null}},"2":{"start":{"line":2,"column":20},"end":{"line":2,"column":null}}},"fnMap":{"0":{"name":"Landing","decl":{"start":{"line":4,"column":24},"end":{"line":4,"column":null}},"loc":{"start":{"line":4,"column":24},"end":{"line":19,"column":null}}}},"branchMap":{},"s":{"0":11,"1":3,"2":3},"f":{"0":9},"b":{}}
,"/home/pieter/Development/austindest/src/components/features/landingBg.tsx": {"path":"/home/pieter/Development/austindest/src/components/features/landingBg.tsx","statementMap":{"0":{"start":{"line":8,"column":24},"end":{"line":8,"column":null}},"1":{"start":{"line":2,"column":18},"end":{"line":2,"column":null}},"2":{"start":{"line":3,"column":24},"end":{"line":3,"column":null}},"3":{"start":{"line":4,"column":31},"end":{"line":4,"column":null}},"4":{"start":{"line":5,"column":30},"end":{"line":5,"column":null}},"5":{"start":{"line":6,"column":33},"end":{"line":6,"column":null}}},"fnMap":{"0":{"name":"LandingBg","decl":{"start":{"line":8,"column":24},"end":{"line":8,"column":null}},"loc":{"start":{"line":8,"column":24},"end":{"line":32,"column":null}}}},"branchMap":{},"s":{"0":7,"1":2,"2":2,"3":2,"4":2,"5":2},"f":{"0":5},"b":{}}
,"/home/pieter/Development/austindest/src/components/features/listen.tsx": {"path":"/home/pieter/Development/austindest/src/components/features/listen.tsx","statementMap":{"0":{"start":{"line":7,"column":24},"end":{"line":7,"column":null}},"1":{"start":{"line":1,"column":30},"end":{"line":1,"column":null}},"2":{"start":{"line":2,"column":31},"end":{"line":2,"column":null}},"3":{"start":{"line":3,"column":27},"end":{"line":3,"column":null}},"4":{"start":{"line":4,"column":49},"end":{"line":4,"column":null}},"5":{"start":{"line":5,"column":7},"end":{"line":5,"column":null}}},"fnMap":{"0":{"name":"Listen","decl":{"start":{"line":7,"column":24},"end":{"line":7,"column":null}},"loc":{"start":{"line":7,"column":24},"end":{"line":52,"column":null}}}},"branchMap":{},"s":{"0":8,"1":2,"2":2,"3":2,"4":2,"5":2},"f":{"0":6},"b":{}}
,"/home/pieter/Development/austindest/src/components/features/socials.tsx": {"path":"/home/pieter/Development/austindest/src/components/features/socials.tsx","statementMap":{"0":{"start":{"line":6,"column":24},"end":{"line":6,"column":null}},"1":{"start":{"line":2,"column":27},"end":{"line":2,"column":null}},"2":{"start":{"line":3,"column":29},"end":{"line":3,"column":null}},"3":{"start":{"line":4,"column":73},"end":{"line":4,"column":null}}},"fnMap":{"0":{"name":"Socials","decl":{"start":{"line":6,"column":24},"end":{"line":6,"column":null}},"loc":{"start":{"line":6,"column":24},"end":{"line":42,"column":null}}}},"branchMap":{},"s":{"0":25,"1":3,"2":3,"3":3},"f":{"0":23},"b":{}}
,"/home/pieter/Development/austindest/src/components/features/watch.tsx": {"path":"/home/pieter/Development/austindest/src/components/features/watch.tsx","statementMap":{"0":{"start":{"line":11,"column":24},"end":{"line":11,"column":null}},"1":{"start":{"line":3,"column":30},"end":{"line":3,"column":null}},"2":{"start":{"line":4,"column":31},"end":{"line":4,"column":null}},"3":{"start":{"line":5,"column":31},"end":{"line":5,"column":null}},"4":{"start":{"line":6,"column":30},"end":{"line":6,"column":null}},"5":{"start":{"line":7,"column":24},"end":{"line":7,"column":null}},"6":{"start":{"line":8,"column":30},"end":{"line":8,"column":null}},"7":{"start":{"line":9,"column":7},"end":{"line":9,"column":null}}},"fnMap":{"0":{"name":"Watch","decl":{"start":{"line":11,"column":24},"end":{"line":11,"column":null}},"loc":{"start":{"line":11,"column":24},"end":{"line":29,"column":null}}}},"branchMap":{},"s":{"0":7,"1":2,"2":2,"3":2,"4":2,"5":2,"6":2,"7":2},"f":{"0":5},"b":{}}
,"/home/pieter/Development/austindest/src/components/layout/copyright.tsx": {"path":"/home/pieter/Development/austindest/src/components/layout/copyright.tsx","statementMap":{"0":{"start":{"line":5,"column":24},"end":{"line":5,"column":null}},"1":{"start":{"line":2,"column":40},"end":{"line":2,"column":null}},"2":{"start":{"line":3,"column":17},"end":{"line":3,"column":null}},"3":{"start":{"line":4,"column":20},"end":{"line":4,"column":null}},"4":{"start":{"line":6,"column":22},"end":{"line":8,"column":null}},"5":{"start":{"line":7,"column":4},"end":{"line":7,"column":null}},"6":{"start":{"line":10,"column":15},"end":{"line":10,"column":null}},"7":{"start":{"line":21,"column":25},"end":{"line":21,"column":null}}},"fnMap":{"0":{"name":"Copyright","decl":{"start":{"line":5,"column":24},"end":{"line":5,"column":null}},"loc":{"start":{"line":5,"column":24},"end":{"line":33,"column":null}}},"1":{"name":"(anonymous_3)","decl":{"start":{"line":6,"column":22},"end":{"line":6,"column":null}},"loc":{"start":{"line":6,"column":22},"end":{"line":8,"column":null}}},"2":{"name":"(anonymous_4)","decl":{"start":{"line":21,"column":19},"end":{"line":21,"column":25}},"loc":{"start":{"line":21,"column":25},"end":{"line":21,"column":null}}}},"branchMap":{},"s":{"0":11,"1":2,"2":2,"3":2,"4":9,"5":1,"6":9,"7":1},"f":{"0":9,"1":1,"2":1},"b":{}}
,"/home/pieter/Development/austindest/src/components/layout/header.tsx": {"path":"/home/pieter/Development/austindest/src/components/layout/header.tsx","statementMap":{"0":{"start":{"line":12,"column":24},"end":{"line":12,"column":null}},"1":{"start":{"line":2,"column":36},"end":{"line":2,"column":null}},"2":{"start":{"line":3,"column":65},"end":{"line":3,"column":null}},"3":{"start":{"line":4,"column":17},"end":{"line":4,"column":null}},"4":{"start":{"line":5,"column":20},"end":{"line":5,"column":null}},"5":{"start":{"line":6,"column":22},"end":{"line":6,"column":null}},"6":{"start":{"line":7,"column":7},"end":{"line":7,"column":null}},"7":{"start":{"line":9,"column":15},"end":{"line":11,"column":null}},"8":{"start":{"line":13,"column":40},"end":{"line":13,"column":null}},"9":{"start":{"line":14,"column":44},"end":{"line":14,"column":null}},"10":{"start":{"line":16,"column":23},"end":{"line":16,"column":null}},"11":{"start":{"line":16,"column":29},"end":{"line":16,"column":null}},"12":{"start":{"line":16,"column":52},"end":{"line":16,"column":null}},"13":{"start":{"line":17,"column":22},"end":{"line":17,"column":null}},"14":{"start":{"line":17,"column":28},"end":{"line":17,"column":null}},"15":{"start":{"line":18,"column":26},"end":{"line":18,"column":null}},"16":{"start":{"line":18,"column":42},"end":{"line":18,"column":null}},"17":{"start":{"line":20,"column":2},"end":{"line":23,"column":null}},"18":{"start":{"line":21,"column":4},"end":{"line":21,"column":null}},"19":{"start":{"line":22,"column":4},"end":{"line":22,"column":null}},"20":{"start":{"line":22,"column":19},"end":{"line":22,"column":59}},"21":{"start":{"line":38,"column":27},"end":{"line":38,"column":null}}},"fnMap":{"0":{"name":"Header","decl":{"start":{"line":12,"column":24},"end":{"line":12,"column":null}},"loc":{"start":{"line":12,"column":24},"end":{"line":183,"column":null}}},"1":{"name":"(anonymous_3)","decl":{"start":{"line":16,"column":23},"end":{"line":16,"column":29}},"loc":{"start":{"line":16,"column":29},"end":{"line":16,"column":null}}},"2":{"name":"(anonymous_4)","decl":{"start":{"line":16,"column":44},"end":{"line":16,"column":52}},"loc":{"start":{"line":16,"column":52},"end":{"line":16,"column":null}}},"3":{"name":"(anonymous_5)","decl":{"start":{"line":17,"column":22},"end":{"line":17,"column":28}},"loc":{"start":{"line":17,"column":28},"end":{"line":17,"column":null}}},"4":{"name":"(anonymous_6)","decl":{"start":{"line":18,"column":26},"end":{"line":18,"column":27}},"loc":{"start":{"line":18,"column":42},"end":{"line":18,"column":null}}},"5":{"name":"(anonymous_7)","decl":{"start":{"line":20,"column":12},"end":{"line":20,"column":null}},"loc":{"start":{"line":20,"column":12},"end":{"line":23,"column":5}}},"6":{"name":"(anonymous_8)","decl":{"start":{"line":22,"column":11},"end":{"line":22,"column":19}},"loc":{"start":{"line":22,"column":11},"end":{"line":22,"column":null}}},"7":{"name":"(anonymous_9)","decl":{"start":{"line":38,"column":21},"end":{"line":38,"column":27}},"loc":{"start":{"line":38,"column":27},"end":{"line":38,"column":null}}}},"branchMap":{"0":{"loc":{"start":{"line":21,"column":35},"end":{"line":21,"column":null}},"type":"cond-expr","locations":[{"start":{"line":21,"column":49},"end":{"line":21,"column":60}},{"start":{"line":21,"column":60},"end":{"line":21,"column":null}}]},"1":{"loc":{"start":{"line":30,"column":11},"end":{"line":32,"column":48}},"type":"cond-expr","locations":[{"start":{"line":31,"column":14},"end":{"line":31,"column":null}},{"start":{"line":32,"column":14},"end":{"line":32,"column":48}}]},"2":{"loc":{"start":{"line":50,"column":15},"end":{"line":50,"column":44}},"type":"cond-expr","locations":[{"start":{"line":50,"column":29},"end":{"line":50,"column":43}},{"start":{"line":50,"column":43},"end":{"line":50,"column":44}}]}},"s":{"0":14,"1":2,"2":2,"3":2,"4":2,"5":2,"6":2,"7":2,"8":16,"9":16,"10":16,"11":4,"12":4,"13":16,"14":1,"15":16,"16":0,"17":16,"18":16,"19":16,"20":16,"21":1},"f":{"0":16,"1":4,"2":4,"3":1,"4":0,"5":16,"6":16,"7":1},"b":{"0":[3,13],"1":[0,16],"2":[3,13]}}
,"/home/pieter/Development/austindest/src/components/layout/section.tsx": {"path":"/home/pieter/Development/austindest/src/components/layout/section.tsx","statementMap":{"0":{"start":{"line":3,"column":13},"end":{"line":3,"column":23}},"1":{"start":{"line":3,"column":23},"end":{"line":28,"column":null}}},"fnMap":{"0":{"name":"(anonymous_1)","decl":{"start":{"line":3,"column":23},"end":{"line":3,"column":24}},"loc":{"start":{"line":13,"column":1},"end":{"line":28,"column":null}}}},"branchMap":{"0":{"loc":{"start":{"line":17,"column":75},"end":{"line":19,"column":null}},"type":"cond-expr","locations":[{"start":{"line":18,"column":10},"end":{"line":18,"column":null}},{"start":{"line":19,"column":10},"end":{"line":19,"column":null}}]},"1":{"loc":{"start":{"line":21,"column":9},"end":{"line":21,"column":35}},"type":"cond-expr","locations":[{"start":{"line":21,"column":18},"end":{"line":21,"column":31}},{"start":{"line":21,"column":31},"end":{"line":21,"column":35}}]}},"s":{"0":10,"1":2},"f":{"0":8},"b":{"0":[2,6],"1":[2,6]}}
,"/home/pieter/Development/austindest/src/components/layout/sidenav.tsx": {"path":"/home/pieter/Development/austindest/src/components/layout/sidenav.tsx","statementMap":{"0":{"start":{"line":9,"column":24},"end":{"line":9,"column":32}},"1":{"start":{"line":1,"column":46},"end":{"line":1,"column":null}},"2":{"start":{"line":2,"column":20},"end":{"line":2,"column":null}},"3":{"start":{"line":32,"column":35},"end":{"line":32,"column":57}},"4":{"start":{"line":43,"column":35},"end":{"line":43,"column":57}},"5":{"start":{"line":54,"column":35},"end":{"line":54,"column":57}},"6":{"start":{"line":65,"column":35},"end":{"line":65,"column":57}},"7":{"start":{"line":76,"column":35},"end":{"line":76,"column":57}},"8":{"start":{"line":87,"column":35},"end":{"line":87,"column":57}}},"fnMap":{"0":{"name":"Sidenav","decl":{"start":{"line":9,"column":24},"end":{"line":9,"column":32}},"loc":{"start":{"line":9,"column":51},"end":{"line":97,"column":null}}},"1":{"name":"(anonymous_3)","decl":{"start":{"line":32,"column":29},"end":{"line":32,"column":35}},"loc":{"start":{"line":32,"column":35},"end":{"line":32,"column":57}}},"2":{"name":"(anonymous_4)","decl":{"start":{"line":43,"column":29},"end":{"line":43,"column":35}},"loc":{"start":{"line":43,"column":35},"end":{"line":43,"column":57}}},"3":{"name":"(anonymous_5)","decl":{"start":{"line":54,"column":29},"end":{"line":54,"column":35}},"loc":{"start":{"line":54,"column":35},"end":{"line":54,"column":57}}},"4":{"name":"(anonymous_6)","decl":{"start":{"line":65,"column":29},"end":{"line":65,"column":35}},"loc":{"start":{"line":65,"column":35},"end":{"line":65,"column":57}}},"5":{"name":"(anonymous_7)","decl":{"start":{"line":76,"column":29},"end":{"line":76,"column":35}},"loc":{"start":{"line":76,"column":35},"end":{"line":76,"column":57}}},"6":{"name":"(anonymous_8)","decl":{"start":{"line":87,"column":29},"end":{"line":87,"column":35}},"loc":{"start":{"line":87,"column":35},"end":{"line":87,"column":57}}}},"branchMap":{"0":{"loc":{"start":{"line":13,"column":7},"end":{"line":13,"column":24}},"type":"binary-expr","locations":[{"start":{"line":13,"column":7},"end":{"line":13,"column":24}}]},"1":{"loc":{"start":{"line":18,"column":175},"end":{"line":18,"column":null}},"type":"cond-expr","locations":[{"start":{"line":18,"column":195},"end":{"line":18,"column":200}},{"start":{"line":18,"column":200},"end":{"line":18,"column":null}}]}},"s":{"0":31,"1":3,"2":3,"3":2,"4":1,"5":1,"6":1,"7":1,"8":1},"f":{"0":29,"1":2,"2":1,"3":1,"4":1,"5":1,"6":1},"b":{"0":[29],"1":[14,15]}}
,"/home/pieter/Development/austindest/src/components/ui/EmbedContainer.tsx": {"path":"/home/pieter/Development/austindest/src/components/ui/EmbedContainer.tsx","statementMap":{"0":{"start":{"line":9,"column":13},"end":{"line":9,"column":30}},"1":{"start":{"line":9,"column":30},"end":{"line":22,"column":null}}},"fnMap":{"0":{"name":"(anonymous_1)","decl":{"start":{"line":9,"column":30},"end":{"line":9,"column":31}},"loc":{"start":{"line":13,"column":22},"end":{"line":22,"column":null}}}},"branchMap":{"0":{"loc":{"start":{"line":11,"column":4},"end":{"line":11,"column":18}},"type":"default-arg","locations":[{"start":{"line":11,"column":16},"end":{"line":11,"column":18}}]},"1":{"loc":{"start":{"line":12,"column":4},"end":{"line":12,"column":19}},"type":"default-arg","locations":[{"start":{"line":12,"column":13},"end":{"line":12,"column":19}}]}},"s":{"0":7,"1":2},"f":{"0":5},"b":{"0":[4],"1":[5]}}
,"/home/pieter/Development/austindest/src/components/ui/ErrorBoundary.tsx": {"path":"/home/pieter/Development/austindest/src/components/ui/ErrorBoundary.tsx","statementMap":{"0":{"start":{"line":15,"column":13},"end":{"line":15,"column":35}},"1":{"start":{"line":2,"column":26},"end":{"line":2,"column":null}},"2":{"start":{"line":17,"column":8},"end":{"line":17,"column":null}},"3":{"start":{"line":18,"column":8},"end":{"line":18,"column":null}},"4":{"start":{"line":22,"column":8},"end":{"line":22,"column":null}},"5":{"start":{"line":26,"column":8},"end":{"line":26,"column":null}},"6":{"start":{"line":30,"column":8},"end":{"line":45,"column":null}},"7":{"start":{"line":37,"column":43},"end":{"line":37,"column":null}},"8":{"start":{"line":47,"column":8},"end":{"line":47,"column":null}}},"fnMap":{"0":{"name":"(anonymous_1)","decl":{"start":{"line":16,"column":4},"end":{"line":16,"column":16}},"loc":{"start":{"line":16,"column":43},"end":{"line":19,"column":null}}},"1":{"name":"(anonymous_2)","decl":{"start":{"line":21,"column":4},"end":{"line":21,"column":11}},"loc":{"start":{"line":21,"column":70},"end":{"line":23,"column":null}}},"2":{"name":"(anonymous_3)","decl":{"start":{"line":25,"column":4},"end":{"line":25,"column":22}},"loc":{"start":{"line":25,"column":52},"end":{"line":27,"column":null}}},"3":{"name":"(anonymous_4)","decl":{"start":{"line":29,"column":4},"end":{"line":29,"column":13}},"loc":{"start":{"line":29,"column":13},"end":{"line":48,"column":null}}},"4":{"name":"(anonymous_5)","decl":{"start":{"line":37,"column":37},"end":{"line":37,"column":43}},"loc":{"start":{"line":37,"column":43},"end":{"line":37,"column":null}}}},"branchMap":{"0":{"loc":{"start":{"line":30,"column":8},"end":{"line":45,"column":null}},"type":"if","locations":[{"start":{"line":30,"column":8},"end":{"line":45,"column":null}}]},"1":{"loc":{"start":{"line":31,"column":19},"end":{"line":31,"column":38}},"type":"binary-expr","locations":[{"start":{"line":31,"column":19},"end":{"line":31,"column":38}}]}},"s":{"0":9,"1":2,"2":13,"3":12,"4":10,"5":5,"6":22,"7":1,"8":12},"f":{"0":13,"1":10,"2":5,"3":22,"4":1},"b":{"0":[10],"1":[10]}}
,"/home/pieter/Development/austindest/src/components/ui/ImageGrid.tsx": {"path":"/home/pieter/Development/austindest/src/components/ui/ImageGrid.tsx","statementMap":{"0":{"start":{"line":14,"column":13},"end":{"line":14,"column":25}},"1":{"start":{"line":1,"column":31},"end":{"line":1,"column":null}},"2":{"start":{"line":2,"column":31},"end":{"line":2,"column":null}},"3":{"start":{"line":14,"column":25},"end":{"line":31,"column":null}},"4":{"start":{"line":18,"column":16},"end":{"line":18,"column":null}}},"fnMap":{"0":{"name":"(anonymous_1)","decl":{"start":{"line":14,"column":25},"end":{"line":14,"column":26}},"loc":{"start":{"line":14,"column":68},"end":{"line":31,"column":null}}},"1":{"name":"(anonymous_2)","decl":{"start":{"line":17,"column":24},"end":{"line":17,"column":25}},"loc":{"start":{"line":18,"column":16},"end":{"line":18,"column":null}}}},"branchMap":{"0":{"loc":{"start":{"line":14,"column":36},"end":{"line":14,"column":50}},"type":"default-arg","locations":[{"start":{"line":14,"column":48},"end":{"line":14,"column":50}}]},"1":{"loc":{"start":{"line":21,"column":31},"end":{"line":21,"column":null}},"type":"binary-expr","locations":[{"start":{"line":21,"column":31},"end":{"line":21,"column":42}},{"start":{"line":21,"column":46},"end":{"line":21,"column":null}}]},"2":{"loc":{"start":{"line":22,"column":32},"end":{"line":22,"column":null}},"type":"binary-expr","locations":[{"start":{"line":22,"column":32},"end":{"line":22,"column":44}},{"start":{"line":22,"column":48},"end":{"line":22,"column":null}}]}},"s":{"0":9,"1":2,"2":2,"3":2,"4":17},"f":{"0":7,"1":17},"b":{"0":[6],"1":[17,7],"2":[17,7]}}
,"/home/pieter/Development/austindest/src/components/ui/LazyIframe.tsx": {"path":"/home/pieter/Development/austindest/src/components/ui/LazyIframe.tsx","statementMap":{"0":{"start":{"line":14,"column":13},"end":{"line":14,"column":26}},"1":{"start":{"line":2,"column":44},"end":{"line":2,"column":null}},"2":{"start":{"line":14,"column":26},"end":{"line":75,"column":null}},"3":{"start":{"line":23,"column":36},"end":{"line":23,"column":null}},"4":{"start":{"line":24,"column":36},"end":{"line":24,"column":null}},"5":{"start":{"line":25,"column":22},"end":{"line":25,"column":null}},"6":{"start":{"line":27,"column":4},"end":{"line":43,"column":null}},"7":{"start":{"line":28,"column":25},"end":{"line":35,"column":null}},"8":{"start":{"line":30,"column":16},"end":{"line":33,"column":null}},"9":{"start":{"line":31,"column":20},"end":{"line":31,"column":null}},"10":{"start":{"line":32,"column":20},"end":{"line":32,"column":null}},"11":{"start":{"line":38,"column":8},"end":{"line":40,"column":null}},"12":{"start":{"line":39,"column":12},"end":{"line":39,"column":null}},"13":{"start":{"line":42,"column":8},"end":{"line":42,"column":null}},"14":{"start":{"line":42,"column":21},"end":{"line":42,"column":null}},"15":{"start":{"line":45,"column":23},"end":{"line":48,"column":null}},"16":{"start":{"line":46,"column":8},"end":{"line":46,"column":null}},"17":{"start":{"line":47,"column":8},"end":{"line":47,"column":null}}},"fnMap":{"0":{"name":"(anonymous_1)","decl":{"start":{"line":14,"column":26},"end":{"line":14,"column":27}},"loc":{"start":{"line":22,"column":18},"end":{"line":75,"column":null}}},"1":{"name":"(anonymous_2)","decl":{"start":{"line":27,"column":14},"end":{"line":27,"column":null}},"loc":{"start":{"line":27,"column":14},"end":{"line":43,"column":7}}},"2":{"name":"(anonymous_3)","decl":{"start":{"line":29,"column":12},"end":{"line":29,"column":13}},"loc":{"start":{"line":29,"column":20},"end":{"line":34,"column":null}}},"3":{"name":"(anonymous_4)","decl":{"start":{"line":42,"column":15},"end":{"line":42,"column":21}},"loc":{"start":{"line":42,"column":21},"end":{"line":42,"column":null}}},"4":{"name":"(anonymous_5)","decl":{"start":{"line":45,"column":23},"end":{"line":45,"column":null}},"loc":{"start":{"line":45,"column":23},"end":{"line":48,"column":null}}}},"branchMap":{"0":{"loc":{"start":{"line":17,"column":4},"end":{"line":17,"column":18}},"type":"default-arg","locations":[{"start":{"line":17,"column":12},"end":{"line":17,"column":18}}]},"1":{"loc":{"start":{"line":18,"column":4},"end":{"line":18,"column":18}},"type":"default-arg","locations":[{"start":{"line":18,"column":13},"end":{"line":18,"column":18}}]},"2":{"loc":{"start":{"line":19,"column":4},"end":{"line":19,"column":18}},"type":"default-arg","locations":[{"start":{"line":19,"column":16},"end":{"line":19,"column":18}}]},"3":{"loc":{"start":{"line":20,"column":4},"end":{"line":20,"column":20}},"type":"default-arg","locations":[{"start":{"line":20,"column":14},"end":{"line":20,"column":20}}]},"4":{"loc":{"start":{"line":30,"column":16},"end":{"line":33,"column":null}},"type":"if","locations":[{"start":{"line":30,"column":16},"end":{"line":33,"column":null}}]},"5":{"loc":{"start":{"line":38,"column":8},"end":{"line":40,"column":null}},"type":"if","locations":[{"start":{"line":38,"column":8},"end":{"line":40,"column":null}}]},"6":{"loc":{"start":{"line":52,"column":13},"end":{"line":52,"column":null}},"type":"binary-expr","locations":[{"start":{"line":52,"column":13},"end":{"line":52,"column":null}}]},"7":{"loc":{"start":{"line":60,"column":13},"end":{"line":60,"column":null}},"type":"binary-expr","locations":[{"start":{"line":60,"column":13},"end":{"line":60,"column":null}}]},"8":{"loc":{"start":{"line":68,"column":66},"end":{"line":68,"column":null}},"type":"cond-expr","locations":[{"start":{"line":68,"column":77},"end":{"line":68,"column":93}},{"start":{"line":68,"column":93},"end":{"line":68,"column":null}}]}},"s":{"0":12,"1":2,"2":2,"3":16,"4":16,"5":16,"6":16,"7":10,"8":5,"9":5,"10":5,"11":10,"12":10,"13":10,"14":10,"15":16,"16":1,"17":1},"f":{"0":16,"1":10,"2":5,"3":10,"4":1},"b":{"0":[14],"1":[14],"2":[15],"3":[14],"4":[5],"5":[10],"6":[16],"7":[16],"8":[1,5]}}
,"/home/pieter/Development/austindest/src/components/ui/LoadingWrapper.tsx": {"path":"/home/pieter/Development/austindest/src/components/ui/LoadingWrapper.tsx","statementMap":{"0":{"start":{"line":10,"column":13},"end":{"line":10,"column":30}},"1":{"start":{"line":2,"column":36},"end":{"line":2,"column":null}},"2":{"start":{"line":10,"column":30},"end":{"line":21,"column":null}},"3":{"start":{"line":14,"column":36},"end":{"line":14,"column":null}},"4":{"start":{"line":16,"column":4},"end":{"line":18,"column":null}},"5":{"start":{"line":17,"column":8},"end":{"line":17,"column":null}}},"fnMap":{"0":{"name":"(anonymous_1)","decl":{"start":{"line":10,"column":30},"end":{"line":10,"column":31}},"loc":{"start":{"line":13,"column":22},"end":{"line":21,"column":null}}},"1":{"name":"(anonymous_2)","decl":{"start":{"line":16,"column":14},"end":{"line":16,"column":null}},"loc":{"start":{"line":16,"column":14},"end":{"line":18,"column":7}}}},"branchMap":{"0":{"loc":{"start":{"line":12,"column":4},"end":{"line":12,"column":19}},"type":"default-arg","locations":[{"start":{"line":12,"column":15},"end":{"line":12,"column":19}}]},"1":{"loc":{"start":{"line":20,"column":22},"end":{"line":20,"column":43}},"type":"cond-expr","locations":[{"start":{"line":20,"column":22},"end":{"line":20,"column":43}}]}},"s":{"0":6,"1":2,"2":2,"3":8,"4":8,"5":4},"f":{"0":8,"1":4},"b":{"0":[6],"1":[4]}}
,"/home/pieter/Development/austindest/src/components/ui/OptimizedImage.tsx": {"path":"/home/pieter/Development/austindest/src/components/ui/OptimizedImage.tsx","statementMap":{"0":{"start":{"line":17,"column":13},"end":{"line":17,"column":30}},"1":{"start":{"line":2,"column":18},"end":{"line":2,"column":null}},"2":{"start":{"line":3,"column":25},"end":{"line":3,"column":null}},"3":{"start":{"line":17,"column":30},"end":{"line":70,"column":null}},"4":{"start":{"line":28,"column":38},"end":{"line":28,"column":null}},"5":{"start":{"line":29,"column":36},"end":{"line":29,"column":null}},"6":{"start":{"line":31,"column":4},"end":{"line":40,"column":null}},"7":{"start":{"line":61,"column":30},"end":{"line":61,"column":null}},"8":{"start":{"line":63,"column":20},"end":{"line":63,"column":null}},"9":{"start":{"line":64,"column":20},"end":{"line":64,"column":null}}},"fnMap":{"0":{"name":"(anonymous_2)","decl":{"start":{"line":17,"column":30},"end":{"line":17,"column":31}},"loc":{"start":{"line":27,"column":22},"end":{"line":70,"column":null}}},"1":{"name":"(anonymous_3)","decl":{"start":{"line":61,"column":24},"end":{"line":61,"column":30}},"loc":{"start":{"line":61,"column":30},"end":{"line":61,"column":null}}},"2":{"name":"(anonymous_4)","decl":{"start":{"line":62,"column":25},"end":{"line":62,"column":null}},"loc":{"start":{"line":62,"column":25},"end":{"line":65,"column":null}}}},"branchMap":{"0":{"loc":{"start":{"line":20,"column":4},"end":{"line":20,"column":15}},"type":"default-arg","locations":[{"start":{"line":20,"column":12},"end":{"line":20,"column":15}}]},"1":{"loc":{"start":{"line":21,"column":4},"end":{"line":21,"column":16}},"type":"default-arg","locations":[{"start":{"line":21,"column":13},"end":{"line":21,"column":16}}]},"2":{"loc":{"start":{"line":22,"column":4},"end":{"line":22,"column":18}},"type":"default-arg","locations":[{"start":{"line":22,"column":16},"end":{"line":22,"column":18}}]},"3":{"loc":{"start":{"line":23,"column":4},"end":{"line":23,"column":20}},"type":"default-arg","locations":[{"start":{"line":23,"column":15},"end":{"line":23,"column":20}}]},"4":{"loc":{"start":{"line":24,"column":4},"end":{"line":24,"column":16}},"type":"default-arg","locations":[{"start":{"line":24,"column":14},"end":{"line":24,"column":16}}]},"5":{"loc":{"start":{"line":25,"column":4},"end":{"line":25,"column":25}},"type":"default-arg","locations":[{"start":{"line":25,"column":18},"end":{"line":25,"column":25}}]},"6":{"loc":{"start":{"line":31,"column":4},"end":{"line":40,"column":null}},"type":"if","locations":[{"start":{"line":31,"column":4},"end":{"line":40,"column":null}}]},"7":{"loc":{"start":{"line":44,"column":13},"end":{"line":44,"column":null}},"type":"binary-expr","locations":[{"start":{"line":44,"column":13},"end":{"line":44,"column":null}}]},"8":{"loc":{"start":{"line":55,"column":101},"end":{"line":55,"column":null}},"type":"cond-expr","locations":[{"start":{"line":55,"column":113},"end":{"line":55,"column":127}},{"start":{"line":55,"column":127},"end":{"line":55,"column":null}}]}},"s":{"0":13,"1":2,"2":2,"3":2,"4":14,"5":14,"6":14,"7":2,"8":1,"9":1},"f":{"0":14,"1":2,"2":1},"b":{"0":[8],"1":[8],"2":[12],"3":[13],"4":[13],"5":[13],"6":[1],"7":[13],"8":[11,2]}}
,"/home/pieter/Development/austindest/src/components/ui/SectionHeader.tsx": {"path":"/home/pieter/Development/austindest/src/components/ui/SectionHeader.tsx","statementMap":{"0":{"start":{"line":14,"column":13},"end":{"line":14,"column":29}},"1":{"start":{"line":1,"column":22},"end":{"line":1,"column":null}},"2":{"start":{"line":14,"column":29},"end":{"line":38,"column":null}}},"fnMap":{"0":{"name":"(anonymous_1)","decl":{"start":{"line":14,"column":29},"end":{"line":14,"column":30}},"loc":{"start":{"line":23,"column":21},"end":{"line":38,"column":null}}}},"branchMap":{"0":{"loc":{"start":{"line":16,"column":4},"end":{"line":16,"column":16}},"type":"default-arg","locations":[{"start":{"line":16,"column":11},"end":{"line":16,"column":16}}]},"1":{"loc":{"start":{"line":17,"column":4},"end":{"line":17,"column":17}},"type":"default-arg","locations":[{"start":{"line":17,"column":12},"end":{"line":17,"column":17}}]},"2":{"loc":{"start":{"line":18,"column":4},"end":{"line":18,"column":18}},"type":"default-arg","locations":[{"start":{"line":18,"column":13},"end":{"line":18,"column":18}}]},"3":{"loc":{"start":{"line":19,"column":4},"end":{"line":19,"column":18}},"type":"default-arg","locations":[{"start":{"line":19,"column":13},"end":{"line":19,"column":18}}]},"4":{"loc":{"start":{"line":22,"column":4},"end":{"line":22,"column":22}},"type":"default-arg","locations":[{"start":{"line":22,"column":17},"end":{"line":22,"column":22}}]}},"s":{"0":22,"1":3,"2":3},"f":{"0":20},"b":{"0":[19],"1":[7],"2":[7],"3":[19],"4":[20]}}
,"/home/pieter/Development/austindest/src/components/ui/SocialIcons.tsx": {"path":"/home/pieter/Development/austindest/src/components/ui/SocialIcons.tsx","statementMap":{"0":{"start":{"line":157,"column":40},"end":{"line":157,"column":54}},"1":{"start":{"line":157,"column":25},"end":{"line":157,"column":40}},"2":{"start":{"line":157,"column":9},"end":{"line":157,"column":25}},"3":{"start":{"line":157,"column":54},"end":{"line":157,"column":null}}},"fnMap":{},"branchMap":{},"s":{"0":23,"1":23,"2":23,"3":23},"f":{},"b":{}}
,"/home/pieter/Development/austindest/src/components/ui/SocialLink.tsx": {"path":"/home/pieter/Development/austindest/src/components/ui/SocialLink.tsx","statementMap":{"0":{"start":{"line":12,"column":13},"end":{"line":12,"column":26}},"1":{"start":{"line":12,"column":26},"end":{"line":31,"column":null}}},"fnMap":{"0":{"name":"(anonymous_1)","decl":{"start":{"line":12,"column":26},"end":{"line":12,"column":27}},"loc":{"start":{"line":19,"column":18},"end":{"line":31,"column":null}}}},"branchMap":{"0":{"loc":{"start":{"line":15,"column":4},"end":{"line":15,"column":84}},"type":"default-arg","locations":[{"start":{"line":15,"column":16},"end":{"line":15,"column":84}}]},"1":{"loc":{"start":{"line":16,"column":4},"end":{"line":16,"column":21}},"type":"default-arg","locations":[{"start":{"line":16,"column":13},"end":{"line":16,"column":21}}]},"2":{"loc":{"start":{"line":17,"column":4},"end":{"line":17,"column":31}},"type":"default-arg","locations":[{"start":{"line":17,"column":10},"end":{"line":17,"column":31}}]}},"s":{"0":169,"1":5},"f":{"0":167},"b":{"0":[108],"1":[167],"2":[167]}}
,"/home/pieter/Development/austindest/src/components/ui/logo.tsx": {"path":"/home/pieter/Development/austindest/src/components/ui/logo.tsx","statementMap":{"0":{"start":{"line":8,"column":24},"end":{"line":8,"column":null}},"1":{"start":{"line":1,"column":22},"end":{"line":1,"column":null}},"2":{"start":{"line":2,"column":7},"end":{"line":2,"column":null}},"3":{"start":{"line":4,"column":15},"end":{"line":6,"column":null}}},"fnMap":{"0":{"name":"Logo","decl":{"start":{"line":8,"column":24},"end":{"line":8,"column":null}},"loc":{"start":{"line":8,"column":24},"end":{"line":19,"column":null}}}},"branchMap":{},"s":{"0":25,"1":3,"2":3,"3":3},"f":{"0":23},"b":{}}
,"/home/pieter/Development/austindest/src/components/ui/title.tsx": {"path":"/home/pieter/Development/austindest/src/components/ui/title.tsx","statementMap":{"0":{"start":{"line":19,"column":13},"end":{"line":19,"column":21}},"1":{"start":{"line":1,"column":22},"end":{"line":1,"column":null}},"2":{"start":{"line":2,"column":7},"end":{"line":2,"column":null}},"3":{"start":{"line":4,"column":15},"end":{"line":6,"column":null}},"4":{"start":{"line":19,"column":21},"end":{"line":66,"column":null}}},"fnMap":{"0":{"name":"(anonymous_2)","decl":{"start":{"line":19,"column":21},"end":{"line":19,"column":22}},"loc":{"start":{"line":28,"column":13},"end":{"line":66,"column":null}}}},"branchMap":{"0":{"loc":{"start":{"line":32,"column":9},"end":{"line":32,"column":null}},"type":"binary-expr","locations":[{"start":{"line":32,"column":9},"end":{"line":32,"column":null}}]},"1":{"loc":{"start":{"line":35,"column":88},"end":{"line":35,"column":null}},"type":"cond-expr","locations":[{"start":{"line":35,"column":97},"end":{"line":35,"column":126}},{"start":{"line":35,"column":126},"end":{"line":35,"column":null}}]},"2":{"loc":{"start":{"line":41,"column":87},"end":{"line":41,"column":null}},"type":"cond-expr","locations":[{"start":{"line":41,"column":96},"end":{"line":41,"column":140}},{"start":{"line":41,"column":140},"end":{"line":41,"column":null}}]},"3":{"loc":{"start":{"line":48,"column":9},"end":{"line":48,"column":null}},"type":"binary-expr","locations":[{"start":{"line":48,"column":9},"end":{"line":48,"column":null}}]},"4":{"loc":{"start":{"line":51,"column":14},"end":{"line":51,"column":35}},"type":"cond-expr","locations":[{"start":{"line":51,"column":23},"end":{"line":51,"column":32}},{"start":{"line":51,"column":32},"end":{"line":51,"column":35}}]},"5":{"loc":{"start":{"line":52,"column":14},"end":{"line":52,"column":53}},"type":"cond-expr","locations":[{"start":{"line":52,"column":21},"end":{"line":52,"column":50}},{"start":{"line":52,"column":50},"end":{"line":52,"column":53}}]},"6":{"loc":{"start":{"line":53,"column":14},"end":{"line":53,"column":55}},"type":"cond-expr","locations":[{"start":{"line":53,"column":22},"end":{"line":53,"column":52}},{"start":{"line":53,"column":52},"end":{"line":53,"column":55}}]},"7":{"loc":{"start":{"line":54,"column":14},"end":{"line":54,"column":42}},"type":"cond-expr","locations":[{"start":{"line":54,"column":23},"end":{"line":54,"column":39}},{"start":{"line":54,"column":39},"end":{"line":54,"column":42}}]},"8":{"loc":{"start":{"line":60,"column":9},"end":{"line":60,"column":null}},"type":"binary-expr","locations":[{"start":{"line":60,"column":9},"end":{"line":60,"column":null}}]}},"s":{"0":35,"1":4,"2":4,"3":4,"4":4},"f":{"0":33},"b":{"0":[33],"1":[2,7],"2":[2,7],"3":[33],"4":[2,20],"5":[1,21],"6":[13,9],"7":[12,10],"8":[33]}}
,"/home/pieter/Development/austindest/src/hooks/index.ts": {"path":"/home/pieter/Development/austindest/src/hooks/index.ts","statementMap":{"0":{"start":{"line":3,"column":9},"end":{"line":3,"column":40}},"1":{"start":{"line":1,"column":9},"end":{"line":1,"column":27}},"2":{"start":{"line":2,"column":9},"end":{"line":2,"column":26}},"3":{"start":{"line":1,"column":27},"end":{"line":1,"column":null}},"4":{"start":{"line":2,"column":26},"end":{"line":2,"column":null}},"5":{"start":{"line":3,"column":40},"end":{"line":3,"column":null}}},"fnMap":{},"branchMap":{},"s":{"0":2,"1":2,"2":2,"3":1,"4":1,"5":1},"f":{},"b":{}}
,"/home/pieter/Development/austindest/src/hooks/useIntersectionObserver.ts": {"path":"/home/pieter/Development/austindest/src/hooks/useIntersectionObserver.ts","statementMap":{"0":{"start":{"line":10,"column":16},"end":{"line":10,"column":40}},"1":{"start":{"line":2,"column":44},"end":{"line":2,"column":null}},"2":{"start":{"line":15,"column":46},"end":{"line":15,"column":null}},"3":{"start":{"line":16,"column":46},"end":{"line":16,"column":null}},"4":{"start":{"line":17,"column":21},"end":{"line":17,"column":null}},"5":{"start":{"line":19,"column":2},"end":{"line":42,"column":null}},"6":{"start":{"line":20,"column":20},"end":{"line":20,"column":38}},"7":{"start":{"line":21,"column":4},"end":{"line":21,"column":null}},"8":{"start":{"line":21,"column":18},"end":{"line":21,"column":null}},"9":{"start":{"line":23,"column":21},"end":{"line":34,"column":null}},"10":{"start":{"line":25,"column":8},"end":{"line":25,"column":null}},"11":{"start":{"line":26,"column":8},"end":{"line":28,"column":null}},"12":{"start":{"line":27,"column":10},"end":{"line":27,"column":null}},"13":{"start":{"line":37,"column":4},"end":{"line":37,"column":null}},"14":{"start":{"line":39,"column":4},"end":{"line":41,"column":null}},"15":{"start":{"line":40,"column":6},"end":{"line":40,"column":null}},"16":{"start":{"line":44,"column":2},"end":{"line":48,"column":null}}},"fnMap":{"0":{"name":"useIntersectionObserver","decl":{"start":{"line":10,"column":16},"end":{"line":10,"column":40}},"loc":{"start":{"line":14,"column":36},"end":{"line":49,"column":null}}},"1":{"name":"(anonymous_2)","decl":{"start":{"line":19,"column":12},"end":{"line":19,"column":null}},"loc":{"start":{"line":19,"column":12},"end":{"line":42,"column":5}}},"2":{"name":"(anonymous_3)","decl":{"start":{"line":24,"column":6},"end":{"line":24,"column":7}},"loc":{"start":{"line":24,"column":14},"end":{"line":29,"column":null}}},"3":{"name":"(anonymous_4)","decl":{"start":{"line":39,"column":11},"end":{"line":39,"column":null}},"loc":{"start":{"line":39,"column":11},"end":{"line":41,"column":null}}}},"branchMap":{"0":{"loc":{"start":{"line":10,"column":40},"end":{"line":14,"column":36}},"type":"default-arg","locations":[{"start":{"line":14,"column":34},"end":{"line":14,"column":36}}]},"1":{"loc":{"start":{"line":11,"column":2},"end":{"line":11,"column":17}},"type":"default-arg","locations":[{"start":{"line":11,"column":14},"end":{"line":11,"column":17}}]},"2":{"loc":{"start":{"line":12,"column":2},"end":{"line":12,"column":13}},"type":"default-arg","locations":[{"start":{"line":12,"column":9},"end":{"line":12,"column":13}}]},"3":{"loc":{"start":{"line":13,"column":2},"end":{"line":13,"column":20}},"type":"default-arg","locations":[{"start":{"line":13,"column":15},"end":{"line":13,"column":20}}]},"4":{"loc":{"start":{"line":21,"column":4},"end":{"line":21,"column":null}},"type":"if","locations":[{"start":{"line":21,"column":4},"end":{"line":21,"column":null}}]},"5":{"loc":{"start":{"line":26,"column":8},"end":{"line":28,"column":null}},"type":"if","locations":[{"start":{"line":26,"column":8},"end":{"line":28,"column":null}}]},"6":{"loc":{"start":{"line":26,"column":12},"end":{"line":26,"column":53}},"type":"binary-expr","locations":[{"start":{"line":26,"column":12},"end":{"line":26,"column":32}},{"start":{"line":26,"column":36},"end":{"line":26,"column":53}}]}},"s":{"0":11,"1":2,"2":9,"3":9,"4":9,"5":9,"6":9,"7":9,"8":6,"9":3,"10":0,"11":0,"12":0,"13":3,"14":3,"15":3,"16":9},"f":{"0":9,"1":9,"2":0,"3":3},"b":{"0":[7],"1":[7],"2":[8],"3":[7],"4":[6],"5":[0],"6":[0,0]}}
,"/home/pieter/Development/austindest/src/hooks/useLoading.ts": {"path":"/home/pieter/Development/austindest/src/hooks/useLoading.ts","statementMap":{"0":{"start":{"line":4,"column":16},"end":{"line":4,"column":27}},"1":{"start":{"line":2,"column":36},"end":{"line":2,"column":null}},"2":{"start":{"line":5,"column":36},"end":{"line":5,"column":null}},"3":{"start":{"line":7,"column":2},"end":{"line":11,"column":null}},"4":{"start":{"line":8,"column":4},"end":{"line":10,"column":null}},"5":{"start":{"line":9,"column":6},"end":{"line":9,"column":null}},"6":{"start":{"line":13,"column":23},"end":{"line":13,"column":null}},"7":{"start":{"line":13,"column":29},"end":{"line":13,"column":null}},"8":{"start":{"line":14,"column":22},"end":{"line":14,"column":null}},"9":{"start":{"line":14,"column":28},"end":{"line":14,"column":null}},"10":{"start":{"line":16,"column":2},"end":{"line":20,"column":null}}},"fnMap":{"0":{"name":"useLoading","decl":{"start":{"line":4,"column":16},"end":{"line":4,"column":27}},"loc":{"start":{"line":4,"column":47},"end":{"line":21,"column":null}}},"1":{"name":"(anonymous_2)","decl":{"start":{"line":7,"column":12},"end":{"line":7,"column":null}},"loc":{"start":{"line":7,"column":12},"end":{"line":11,"column":5}}},"2":{"name":"(anonymous_3)","decl":{"start":{"line":13,"column":23},"end":{"line":13,"column":29}},"loc":{"start":{"line":13,"column":29},"end":{"line":13,"column":null}}},"3":{"name":"(anonymous_4)","decl":{"start":{"line":14,"column":22},"end":{"line":14,"column":28}},"loc":{"start":{"line":14,"column":28},"end":{"line":14,"column":null}}}},"branchMap":{"0":{"loc":{"start":{"line":4,"column":27},"end":{"line":4,"column":47}},"type":"default-arg","locations":[{"start":{"line":4,"column":42},"end":{"line":4,"column":47}}]},"1":{"loc":{"start":{"line":8,"column":4},"end":{"line":10,"column":null}},"type":"if","locations":[{"start":{"line":8,"column":4},"end":{"line":10,"column":null}}]}},"s":{"0":10,"1":2,"2":8,"3":8,"4":6,"5":2,"6":8,"7":1,"8":8,"9":1,"10":8},"f":{"0":8,"1":6,"2":1,"3":1},"b":{"0":[3],"1":[2]}}
,"/home/pieter/Development/austindest/src/hooks/useScroll.ts": {"path":"/home/pieter/Development/austindest/src/hooks/useScroll.ts","statementMap":{"0":{"start":{"line":4,"column":16},"end":{"line":4,"column":null}},"1":{"start":{"line":2,"column":36},"end":{"line":2,"column":null}},"2":{"start":{"line":5,"column":32},"end":{"line":5,"column":null}},"3":{"start":{"line":6,"column":38},"end":{"line":6,"column":null}},"4":{"start":{"line":8,"column":2},"end":{"line":16,"column":null}},"5":{"start":{"line":9,"column":25},"end":{"line":12,"column":null}},"6":{"start":{"line":10,"column":6},"end":{"line":10,"column":null}},"7":{"start":{"line":11,"column":6},"end":{"line":11,"column":null}},"8":{"start":{"line":14,"column":4},"end":{"line":14,"column":null}},"9":{"start":{"line":15,"column":4},"end":{"line":15,"column":null}},"10":{"start":{"line":15,"column":17},"end":{"line":15,"column":null}},"11":{"start":{"line":18,"column":2},"end":{"line":21,"column":null}}},"fnMap":{"0":{"name":"useScroll","decl":{"start":{"line":4,"column":16},"end":{"line":4,"column":null}},"loc":{"start":{"line":4,"column":16},"end":{"line":22,"column":null}}},"1":{"name":"(anonymous_2)","decl":{"start":{"line":8,"column":12},"end":{"line":8,"column":null}},"loc":{"start":{"line":8,"column":12},"end":{"line":16,"column":5}}},"2":{"name":"(anonymous_3)","decl":{"start":{"line":9,"column":25},"end":{"line":9,"column":null}},"loc":{"start":{"line":9,"column":25},"end":{"line":12,"column":null}}},"3":{"name":"(anonymous_4)","decl":{"start":{"line":15,"column":11},"end":{"line":15,"column":17}},"loc":{"start":{"line":15,"column":17},"end":{"line":15,"column":null}}}},"branchMap":{},"s":{"0":14,"1":2,"2":12,"3":12,"4":12,"5":4,"6":4,"7":4,"8":4,"9":4,"10":4,"11":12},"f":{"0":12,"1":4,"2":4,"3":4},"b":{}}
,"/home/pieter/Development/austindest/src/lib/index.ts": {"path":"/home/pieter/Development/austindest/src/lib/index.ts","statementMap":{"0":{"start":{"line":1,"column":14},"end":{"line":1,"column":null}},"1":{"start":{"line":2,"column":14},"end":{"line":2,"column":null}},"2":{"start":{"line":3,"column":14},"end":{"line":3,"column":null}}},"fnMap":{},"branchMap":{},"s":{"0":8,"1":8,"2":8},"f":{},"b":{}}
,"/home/pieter/Development/austindest/src/lib/constants/index.ts": {"path":"/home/pieter/Development/austindest/src/lib/constants/index.ts","statementMap":{"0":{"start":{"line":70,"column":13},"end":{"line":70,"column":32}},"1":{"start":{"line":72,"column":13},"end":{"line":72,"column":26}},"2":{"start":{"line":10,"column":13},"end":{"line":10,"column":20}},"3":{"start":{"line":79,"column":13},"end":{"line":79,"column":32}},"4":{"start":{"line":88,"column":13},"end":{"line":88,"column":27}},"5":{"start":{"line":1,"column":13},"end":{"line":1,"column":28}},"6":{"start":{"line":66,"column":13},"end":{"line":66,"column":32}},"7":{"start":{"line":60,"column":13},"end":{"line":60,"column":30}},"8":{"start":{"line":68,"column":13},"end":{"line":68,"column":29}},"9":{"start":{"line":1,"column":28},"end":{"line":8,"column":null}},"10":{"start":{"line":10,"column":20},"end":{"line":58,"column":null}},"11":{"start":{"line":60,"column":30},"end":{"line":64,"column":null}},"12":{"start":{"line":66,"column":32},"end":{"line":66,"column":null}},"13":{"start":{"line":68,"column":29},"end":{"line":68,"column":null}},"14":{"start":{"line":70,"column":32},"end":{"line":70,"column":null}},"15":{"start":{"line":72,"column":26},"end":{"line":77,"column":null}},"16":{"start":{"line":79,"column":32},"end":{"line":86,"column":null}},"17":{"start":{"line":88,"column":27},"end":{"line":114,"column":null}}},"fnMap":{},"branchMap":{},"s":{"0":2,"1":5,"2":5,"3":5,"4":13,"5":141,"6":7,"7":22,"8":2,"9":5,"10":5,"11":5,"12":5,"13":5,"14":5,"15":5,"16":5,"17":5},"f":{},"b":{}}
,"/home/pieter/Development/austindest/src/lib/utils/index.ts": {"path":"/home/pieter/Development/austindest/src/lib/utils/index.ts","statementMap":{"0":{"start":{"line":4,"column":16},"end":{"line":4,"column":19}},"1":{"start":{"line":34,"column":16},"end":{"line":34,"column":null}},"2":{"start":{"line":27,"column":16},"end":{"line":27,"column":33}},"3":{"start":{"line":20,"column":16},"end":{"line":20,"column":35}},"4":{"start":{"line":8,"column":16},"end":{"line":8,"column":27}},"5":{"start":{"line":12,"column":16},"end":{"line":12,"column":31}},"6":{"start":{"line":45,"column":16},"end":{"line":45,"column":null}},"7":{"start":{"line":1,"column":38},"end":{"line":1,"column":null}},"8":{"start":{"line":2,"column":24},"end":{"line":2,"column":null}},"9":{"start":{"line":5,"column":2},"end":{"line":5,"column":null}},"10":{"start":{"line":9,"column":2},"end":{"line":9,"column":null}},"11":{"start":{"line":13,"column":2},"end":{"line":17,"column":null}},"12":{"start":{"line":14,"column":18},"end":{"line":14,"column":null}},"13":{"start":{"line":15,"column":18},"end":{"line":15,"column":null}},"14":{"start":{"line":16,"column":4},"end":{"line":16,"column":null}},"15":{"start":{"line":21,"column":19},"end":{"line":21,"column":null}},"16":{"start":{"line":22,"column":2},"end":{"line":22,"column":null}},"17":{"start":{"line":23,"column":22},"end":{"line":23,"column":null}},"18":{"start":{"line":24,"column":2},"end":{"line":24,"column":null}},"19":{"start":{"line":24,"column":28},"end":{"line":24,"column":null}},"20":{"start":{"line":28,"column":19},"end":{"line":28,"column":null}},"21":{"start":{"line":29,"column":2},"end":{"line":29,"column":null}},"22":{"start":{"line":30,"column":22},"end":{"line":30,"column":null}},"23":{"start":{"line":31,"column":2},"end":{"line":31,"column":null}},"24":{"start":{"line":31,"column":28},"end":{"line":31,"column":null}},"25":{"start":{"line":39,"column":2},"end":{"line":42,"column":null}},"26":{"start":{"line":40,"column":4},"end":{"line":40,"column":null}},"27":{"start":{"line":41,"column":4},"end":{"line":41,"column":null}},"28":{"start":{"line":41,"column":31},"end":{"line":41,"column":46}},"29":{"start":{"line":50,"column":2},"end":{"line":56,"column":null}},"30":{"start":{"line":51,"column":4},"end":{"line":55,"column":null}},"31":{"start":{"line":52,"column":6},"end":{"line":52,"column":null}},"32":{"start":{"line":53,"column":6},"end":{"line":53,"column":null}},"33":{"start":{"line":54,"column":6},"end":{"line":54,"column":null}},"34":{"start":{"line":54,"column":24},"end":{"line":54,"column":45}}},"fnMap":{"0":{"name":"cn","decl":{"start":{"line":4,"column":16},"end":{"line":4,"column":19}},"loc":{"start":{"line":4,"column":42},"end":{"line":6,"column":null}}},"1":{"name":"formatDate","decl":{"start":{"line":8,"column":16},"end":{"line":8,"column":27}},"loc":{"start":{"line":8,"column":45},"end":{"line":10,"column":null}}},"2":{"name":"sortGigsByDate","decl":{"start":{"line":12,"column":16},"end":{"line":12,"column":31}},"loc":{"start":{"line":12,"column":78},"end":{"line":18,"column":null}}},"3":{"name":"(anonymous_11)","decl":{"start":{"line":13,"column":24},"end":{"line":13,"column":25}},"loc":{"start":{"line":13,"column":28},"end":{"line":17,"column":null}}},"4":{"name":"filterUpcomingGigs","decl":{"start":{"line":20,"column":16},"end":{"line":20,"column":35}},"loc":{"start":{"line":20,"column":64},"end":{"line":25,"column":null}}},"5":{"name":"(anonymous_13)","decl":{"start":{"line":24,"column":21},"end":{"line":24,"column":28}},"loc":{"start":{"line":24,"column":28},"end":{"line":24,"column":null}}},"6":{"name":"filterPassedGigs","decl":{"start":{"line":27,"column":16},"end":{"line":27,"column":33}},"loc":{"start":{"line":27,"column":62},"end":{"line":32,"column":null}}},"7":{"name":"(anonymous_15)","decl":{"start":{"line":31,"column":21},"end":{"line":31,"column":28}},"loc":{"start":{"line":31,"column":28},"end":{"line":31,"column":null}}},"8":{"name":"debounce","decl":{"start":{"line":34,"column":16},"end":{"line":34,"column":null}},"loc":{"start":{"line":36,"column":14},"end":{"line":43,"column":null}}},"9":{"name":"(anonymous_17)","decl":{"start":{"line":39,"column":9},"end":{"line":39,"column":10}},"loc":{"start":{"line":39,"column":13},"end":{"line":42,"column":null}}},"10":{"name":"(anonymous_18)","decl":{"start":{"line":41,"column":25},"end":{"line":41,"column":31}},"loc":{"start":{"line":41,"column":31},"end":{"line":41,"column":46}}},"11":{"name":"throttle","decl":{"start":{"line":45,"column":16},"end":{"line":45,"column":null}},"loc":{"start":{"line":47,"column":15},"end":{"line":57,"column":null}}},"12":{"name":"(anonymous_20)","decl":{"start":{"line":50,"column":9},"end":{"line":50,"column":10}},"loc":{"start":{"line":50,"column":13},"end":{"line":56,"column":null}}},"13":{"name":"(anonymous_21)","decl":{"start":{"line":54,"column":17},"end":{"line":54,"column":24}},"loc":{"start":{"line":54,"column":24},"end":{"line":54,"column":45}}}},"branchMap":{"0":{"loc":{"start":{"line":12,"column":62},"end":{"line":12,"column":78}},"type":"default-arg","locations":[{"start":{"line":12,"column":74},"end":{"line":12,"column":78}}]},"1":{"loc":{"start":{"line":16,"column":11},"end":{"line":16,"column":null}},"type":"cond-expr","locations":[{"start":{"line":16,"column":23},"end":{"line":16,"column":39}},{"start":{"line":16,"column":39},"end":{"line":16,"column":null}}]},"2":{"loc":{"start":{"line":51,"column":4},"end":{"line":55,"column":null}},"type":"if","locations":[{"start":{"line":51,"column":4},"end":{"line":55,"column":null}}]}},"s":{"0":5,"1":3,"2":3,"3":3,"4":4,"5":5,"6":3,"7":8,"8":8,"9":3,"10":32,"11":3,"12":12,"13":12,"14":12,"15":1,"16":1,"17":1,"18":1,"19":3,"20":1,"21":1,"22":1,"23":1,"24":3,"25":1,"26":3,"27":3,"28":1,"29":1,"30":4,"31":2,"32":2,"33":2,"34":1},"f":{"0":3,"1":32,"2":3,"3":12,"4":1,"5":3,"6":1,"7":3,"8":1,"9":3,"10":1,"11":1,"12":4,"13":1},"b":{"0":[2],"1":[8,4],"2":[2]}}
}
