TN:
SF:src/app/layout.tsx
FN:41,RootLayout
FNF:1
FNH:1
FNDA:3,RootLayout
DA:1,1
DA:3,1
DA:4,1
DA:6,1
DA:8,6
DA:37,2
DA:41,3
LF:7
LH:7
BRF:0
BRH:0
end_of_record
TN:
SF:src/app/page.tsx
FN:12,Home
FNF:1
FNH:1
FNDA:4,Home
DA:1,1
DA:2,1
DA:3,1
DA:4,1
DA:5,1
DA:6,1
DA:7,1
DA:8,1
DA:9,1
DA:10,1
DA:12,4
LF:11
LH:11
BRF:0
BRH:0
end_of_record
TN:
SF:src/components/features/bio.tsx
FN:6,Bio
FNF:1
FNH:1
FNDA:4,Bio
DA:1,2
DA:2,2
DA:3,2
DA:4,2
DA:6,6
LF:5
LH:5
BRF:0
BRH:0
end_of_record
TN:
SF:src/components/features/contact.tsx
FN:5,Contact
FNF:1
FNH:1
FNDA:6,Contact
DA:1,2
DA:2,2
DA:3,2
DA:5,8
LF:4
LH:4
BRF:0
BRH:0
end_of_record
TN:
SF:src/components/features/gigs.tsx
FN:84,Gigs
FN:104,(anonymous_4)
FN:114,(anonymous_5)
FNF:3
FNH:2
FNDA:12,Gigs
FNDA:0,(anonymous_4)
FNDA:36,(anonymous_5)
DA:2,2
DA:3,2
DA:4,2
DA:9,2
DA:84,14
DA:85,12
DA:88,12
DA:105,0
DA:115,36
LF:9
LH:8
BRDA:54,0,0,12
BRDA:75,1,0,36
BRF:2
BRH:2
end_of_record
TN:
SF:src/components/features/landing.tsx
FN:4,Landing
FNF:1
FNH:1
FNDA:9,Landing
DA:1,3
DA:2,3
DA:4,11
LF:3
LH:3
BRF:0
BRH:0
end_of_record
TN:
SF:src/components/features/landingBg.tsx
FN:8,LandingBg
FNF:1
FNH:1
FNDA:5,LandingBg
DA:2,2
DA:3,2
DA:4,2
DA:5,2
DA:6,2
DA:8,7
LF:6
LH:6
BRF:0
BRH:0
end_of_record
TN:
SF:src/components/features/listen.tsx
FN:7,Listen
FNF:1
FNH:1
FNDA:6,Listen
DA:1,2
DA:2,2
DA:3,2
DA:4,2
DA:5,2
DA:7,8
LF:6
LH:6
BRF:0
BRH:0
end_of_record
TN:
SF:src/components/features/socials.tsx
FN:11,Socials
FNF:1
FNH:1
FNDA:23,Socials
DA:2,3
DA:3,3
DA:9,3
DA:11,25
LF:4
LH:4
BRF:0
BRH:0
end_of_record
TN:
SF:src/components/features/watch.tsx
FN:11,Watch
FNF:1
FNH:1
FNDA:5,Watch
DA:3,2
DA:4,2
DA:5,2
DA:6,2
DA:7,2
DA:8,2
DA:9,2
DA:11,7
LF:8
LH:8
BRF:0
BRH:0
end_of_record
TN:
SF:src/components/layout/copyright.tsx
FN:5,Copyright
FN:6,(anonymous_3)
FN:21,(anonymous_4)
FNF:3
FNH:3
FNDA:9,Copyright
FNDA:1,(anonymous_3)
FNDA:1,(anonymous_4)
DA:2,2
DA:3,2
DA:4,2
DA:5,11
DA:6,9
DA:7,1
DA:10,9
DA:21,1
LF:8
LH:8
BRF:0
BRH:0
end_of_record
TN:
SF:src/components/layout/header.tsx
FN:8,Header
FN:12,(anonymous_3)
FN:12,(anonymous_4)
FN:13,(anonymous_5)
FN:14,(anonymous_6)
FN:16,(anonymous_7)
FN:18,(anonymous_8)
FN:34,(anonymous_9)
FNF:8
FNH:7
FNDA:16,Header
FNDA:4,(anonymous_3)
FNDA:4,(anonymous_4)
FNDA:1,(anonymous_5)
FNDA:0,(anonymous_6)
FNDA:16,(anonymous_7)
FNDA:16,(anonymous_8)
FNDA:1,(anonymous_9)
DA:2,2
DA:3,2
DA:4,2
DA:5,2
DA:6,2
DA:8,14
DA:9,16
DA:10,16
DA:12,16
DA:13,16
DA:14,16
DA:16,16
DA:17,16
DA:18,16
DA:19,16
DA:34,1
LF:16
LH:16
BRDA:17,0,0,3
BRDA:17,0,1,13
BRDA:27,1,0,0
BRDA:27,1,1,16
BRDA:45,2,0,3
BRDA:45,2,1,13
BRF:6
BRH:5
end_of_record
TN:
SF:src/components/layout/section.tsx
FN:11,(anonymous_1)
FNF:1
FNH:1
FNDA:8,(anonymous_1)
DA:11,10
DA:18,8
LF:2
LH:2
BRDA:13,0,0,6
BRDA:14,1,0,6
BRDA:20,2,0,8
BRDA:20,2,1,2
BRDA:21,3,0,8
BRDA:21,3,1,2
BRF:6
BRH:6
end_of_record
TN:
SF:src/components/layout/sidenav.tsx
FN:9,Sidenav
FNF:1
FNH:1
FNDA:29,Sidenav
DA:1,3
DA:2,3
DA:9,31
LF:3
LH:3
BRDA:12,0,0,29
BRDA:18,1,0,14
BRDA:18,1,1,15
BRF:3
BRH:3
end_of_record
TN:
SF:src/components/ui/EmbedContainer.tsx
FN:9,(anonymous_1)
FNF:1
FNH:1
FNDA:5,(anonymous_1)
DA:9,7
LF:1
LH:1
BRDA:11,0,0,4
BRDA:12,1,0,5
BRF:2
BRH:2
end_of_record
TN:
SF:src/components/ui/ErrorBoundary.tsx
FN:18,(anonymous_1)
FN:23,(anonymous_2)
FN:27,(anonymous_3)
FN:33,(anonymous_4)
FN:46,(anonymous_5)
FNF:5
FNH:4
FNDA:13,(anonymous_1)
FNDA:10,(anonymous_2)
FNDA:5,(anonymous_3)
FNDA:22,(anonymous_4)
FNDA:0,(anonymous_5)
DA:2,2
DA:14,9
DA:19,13
DA:20,12
DA:24,10
DA:28,5
DA:29,0
DA:34,22
DA:46,0
DA:57,12
LF:10
LH:8
BRDA:28,0,0,0
BRDA:28,0,1,5
BRDA:34,1,0,10
BRDA:34,1,1,12
BRDA:36,2,0,10
BRF:5
BRH:4
end_of_record
TN:
SF:src/components/ui/ImageGrid.tsx
FN:14,(anonymous_1)
FN:17,(anonymous_2)
FNF:2
FNH:2
FNDA:7,(anonymous_1)
FNDA:17,(anonymous_2)
DA:1,2
DA:2,2
DA:14,9
DA:18,17
LF:4
LH:4
BRDA:14,0,0,6
BRDA:21,1,0,17
BRDA:21,1,1,7
BRDA:22,2,0,17
BRDA:22,2,1,7
BRF:5
BRH:5
end_of_record
TN:
SF:src/components/ui/LazyIframe.tsx
FN:14,(anonymous_1)
FN:27,(anonymous_2)
FN:29,(anonymous_3)
FN:42,(anonymous_4)
FN:45,(anonymous_5)
FNF:5
FNH:5
FNDA:16,(anonymous_1)
FNDA:10,(anonymous_2)
FNDA:5,(anonymous_3)
FNDA:10,(anonymous_4)
FNDA:1,(anonymous_5)
DA:2,2
DA:14,12
DA:23,16
DA:24,16
DA:25,16
DA:27,16
DA:28,10
DA:30,5
DA:31,5
DA:32,5
DA:38,10
DA:39,10
DA:42,10
DA:45,16
DA:46,1
DA:47,1
LF:16
LH:16
BRDA:17,0,0,14
BRDA:18,1,0,14
BRDA:19,2,0,15
BRDA:20,3,0,14
BRDA:30,4,0,5
BRDA:30,4,1,0
BRDA:38,5,0,10
BRDA:38,5,1,0
BRDA:52,6,0,16
BRDA:60,7,0,16
BRDA:69,8,0,1
BRDA:69,8,1,5
BRF:12
BRH:10
end_of_record
TN:
SF:src/components/ui/LoadingWrapper.tsx
FN:9,(anonymous_1)
FN:15,(anonymous_2)
FNF:2
FNH:2
FNDA:8,(anonymous_1)
FNDA:4,(anonymous_2)
DA:2,2
DA:9,6
DA:13,8
DA:15,8
DA:16,4
DA:19,8
DA:20,4
DA:23,4
LF:8
LH:8
BRDA:11,0,0,6
BRDA:19,1,0,4
BRDA:19,1,1,4
BRF:3
BRH:3
end_of_record
TN:
SF:src/components/ui/OptimizedImage.tsx
FN:17,(anonymous_2)
FN:61,(anonymous_3)
FN:62,(anonymous_4)
FNF:3
FNH:1
FNDA:11,(anonymous_2)
FNDA:0,(anonymous_3)
FNDA:0,(anonymous_4)
DA:2,2
DA:3,2
DA:17,13
DA:28,11
DA:29,11
DA:31,11
DA:61,0
DA:63,0
DA:64,0
LF:9
LH:6
BRDA:20,0,0,7
BRDA:21,1,0,7
BRDA:22,2,0,9
BRDA:23,3,0,10
BRDA:24,4,0,10
BRDA:25,5,0,10
BRDA:31,6,0,0
BRDA:31,6,1,11
BRDA:44,7,0,11
BRDA:55,8,0,11
BRDA:55,8,1,0
BRDA:60,9,0,11
BRDA:60,9,1,1
BRF:13
BRH:11
end_of_record
TN:
SF:src/components/ui/SectionHeader.tsx
FN:13,(anonymous_1)
FNF:1
FNH:1
FNDA:20,(anonymous_1)
DA:1,3
DA:13,22
LF:2
LH:2
BRDA:15,0,0,19
BRDA:16,1,0,7
BRDA:17,2,0,7
BRDA:18,3,0,19
BRDA:25,4,0,20
BRDA:25,4,1,5
BRDA:31,5,0,20
BRDA:31,5,1,0
BRF:8
BRH:7
end_of_record
TN:
SF:src/components/ui/SocialIcons.tsx
FNF:0
FNH:0
DA:157,23
LF:1
LH:1
BRF:0
BRH:0
end_of_record
TN:
SF:src/components/ui/SocialLink.tsx
FN:13,(anonymous_1)
FNF:1
FNH:1
FNDA:167,(anonymous_1)
DA:13,169
LF:1
LH:1
BRDA:16,0,0,108
BRDA:17,1,0,167
BRDA:18,2,0,167
BRF:3
BRH:3
end_of_record
TN:
SF:src/components/ui/logo.tsx
FN:8,Logo
FNF:1
FNH:1
FNDA:23,Logo
DA:1,3
DA:2,3
DA:4,3
DA:8,25
LF:4
LH:4
BRF:0
BRH:0
end_of_record
TN:
SF:src/components/ui/title.tsx
FN:18,(anonymous_2)
FNF:1
FNH:1
FNDA:33,(anonymous_2)
DA:1,4
DA:2,4
DA:4,4
DA:18,35
DA:27,33
DA:34,33
DA:41,33
LF:7
LH:7
BRDA:21,0,0,12
BRDA:22,1,0,12
BRDA:24,2,0,11
BRDA:25,3,0,12
BRDA:29,4,0,33
BRDA:29,4,1,15
BRDA:36,5,0,33
BRDA:36,5,1,15
BRDA:43,6,0,33
BRDA:43,6,1,2
BRDA:44,7,0,33
BRDA:44,7,1,2
BRDA:45,8,0,33
BRDA:45,8,1,14
BRDA:46,9,0,33
BRDA:46,9,1,15
BRDA:54,10,0,33
BRDA:60,11,0,33
BRDA:61,12,0,33
BRF:19
BRH:19
end_of_record
TN:
SF:src/hooks/useIntersectionObserver.ts
FN:10,useIntersectionObserver
FN:19,(anonymous_2)
FN:24,(anonymous_3)
FN:41,(anonymous_4)
FNF:4
FNH:3
FNDA:9,useIntersectionObserver
FNDA:9,(anonymous_2)
FNDA:0,(anonymous_3)
FNDA:3,(anonymous_4)
DA:2,2
DA:10,11
DA:15,9
DA:16,9
DA:17,9
DA:19,9
DA:20,9
DA:21,9
DA:23,3
DA:25,0
DA:26,0
DA:27,0
DA:28,0
DA:39,3
DA:41,3
DA:42,3
DA:46,9
LF:17
LH:13
BRDA:10,0,0,7
BRDA:11,1,0,7
BRDA:12,2,0,8
BRDA:13,3,0,7
BRDA:21,4,0,6
BRDA:21,4,1,3
BRDA:25,5,0,0
BRDA:25,5,1,0
BRDA:27,6,0,0
BRDA:27,6,1,0
BRDA:27,7,0,0
BRDA:27,7,1,0
BRF:12
BRH:6
end_of_record
TN:
SF:src/hooks/useLoading.ts
FN:4,useLoading
FN:7,(anonymous_2)
FN:13,(anonymous_3)
FN:14,(anonymous_4)
FNF:4
FNH:4
FNDA:8,useLoading
FNDA:6,(anonymous_2)
FNDA:1,(anonymous_3)
FNDA:1,(anonymous_4)
DA:2,2
DA:4,10
DA:5,8
DA:7,8
DA:8,6
DA:9,2
DA:13,8
DA:14,8
DA:16,8
LF:9
LH:9
BRDA:4,0,0,3
BRDA:8,1,0,2
BRDA:8,1,1,4
BRF:3
BRH:3
end_of_record
TN:
SF:src/hooks/useScroll.ts
FN:4,useScroll
FN:8,(anonymous_2)
FN:9,(anonymous_3)
FN:15,(anonymous_4)
FNF:4
FNH:4
FNDA:12,useScroll
FNDA:4,(anonymous_2)
FNDA:4,(anonymous_3)
FNDA:4,(anonymous_4)
DA:2,2
DA:4,14
DA:5,12
DA:6,12
DA:8,12
DA:9,4
DA:10,4
DA:11,4
DA:14,4
DA:15,4
DA:18,12
LF:11
LH:11
BRF:0
BRH:0
end_of_record
