TN:
SF:src/app/layout.tsx
FN:41,RootLayout
FNF:1
FNH:1
FNDA:3,RootLayout
DA:1,1
DA:3,1
DA:4,1
DA:6,1
DA:8,6
DA:37,2
DA:41,3
LF:7
LH:7
BRF:0
BRH:0
end_of_record
TN:
SF:src/app/page.tsx
FN:12,Home
FNF:1
FNH:1
FNDA:4,Home
DA:1,1
DA:2,1
DA:3,1
DA:4,1
DA:5,1
DA:6,1
DA:7,1
DA:8,1
DA:9,1
DA:10,1
DA:12,4
LF:11
LH:11
BRF:0
BRH:0
end_of_record
TN:
SF:src/components/index.ts
FNF:0
FNH:0
DA:1,2
DA:2,2
DA:3,2
DA:4,2
DA:5,2
DA:6,2
DA:7,2
DA:8,2
DA:9,2
DA:10,2
DA:12,2
DA:13,2
DA:14,2
DA:15,2
DA:17,2
DA:18,2
DA:19,2
DA:20,2
DA:21,2
DA:22,2
DA:23,2
DA:24,2
LF:22
LH:22
BRF:0
BRH:0
end_of_record
TN:
SF:src/components/features/bio.tsx
FN:6,Bio
FNF:1
FNH:1
FNDA:4,Bio
DA:1,2
DA:2,2
DA:3,2
DA:4,2
DA:6,6
LF:5
LH:5
BRF:0
BRH:0
end_of_record
TN:
SF:src/components/features/contact.tsx
FN:5,Contact
FNF:1
FNH:1
FNDA:6,Contact
DA:1,2
DA:2,2
DA:3,2
DA:5,8
LF:4
LH:4
BRF:0
BRH:0
end_of_record
TN:
SF:src/components/features/gigs.tsx
FN:74,Gigs
FN:90,(anonymous_4)
FN:100,(anonymous_5)
FNF:3
FNH:2
FNDA:12,Gigs
FNDA:0,(anonymous_4)
FNDA:36,(anonymous_5)
DA:2,2
DA:3,2
DA:4,2
DA:5,2
DA:74,14
DA:75,12
DA:76,12
DA:91,0
DA:101,36
LF:9
LH:8
BRDA:42,0,0,12
BRDA:65,1,0,36
BRF:2
BRH:2
end_of_record
TN:
SF:src/components/features/landing.tsx
FN:4,Landing
FNF:1
FNH:1
FNDA:9,Landing
DA:1,3
DA:2,3
DA:4,11
LF:3
LH:3
BRF:0
BRH:0
end_of_record
TN:
SF:src/components/features/landingBg.tsx
FN:8,LandingBg
FNF:1
FNH:1
FNDA:5,LandingBg
DA:2,2
DA:3,2
DA:4,2
DA:5,2
DA:6,2
DA:8,7
LF:6
LH:6
BRF:0
BRH:0
end_of_record
TN:
SF:src/components/features/listen.tsx
FN:7,Listen
FNF:1
FNH:1
FNDA:6,Listen
DA:1,2
DA:2,2
DA:3,2
DA:4,2
DA:5,2
DA:7,8
LF:6
LH:6
BRF:0
BRH:0
end_of_record
TN:
SF:src/components/features/socials.tsx
FN:6,Socials
FNF:1
FNH:1
FNDA:23,Socials
DA:2,3
DA:3,3
DA:4,3
DA:6,25
LF:4
LH:4
BRF:0
BRH:0
end_of_record
TN:
SF:src/components/features/watch.tsx
FN:11,Watch
FNF:1
FNH:1
FNDA:5,Watch
DA:3,2
DA:4,2
DA:5,2
DA:6,2
DA:7,2
DA:8,2
DA:9,2
DA:11,7
LF:8
LH:8
BRF:0
BRH:0
end_of_record
TN:
SF:src/components/layout/copyright.tsx
FN:5,Copyright
FN:6,(anonymous_3)
FN:21,(anonymous_4)
FNF:3
FNH:3
FNDA:9,Copyright
FNDA:1,(anonymous_3)
FNDA:1,(anonymous_4)
DA:2,2
DA:3,2
DA:4,2
DA:5,11
DA:6,9
DA:7,1
DA:10,9
DA:21,1
LF:8
LH:8
BRF:0
BRH:0
end_of_record
TN:
SF:src/components/layout/header.tsx
FN:12,Header
FN:16,(anonymous_3)
FN:16,(anonymous_4)
FN:17,(anonymous_5)
FN:18,(anonymous_6)
FN:20,(anonymous_7)
FN:22,(anonymous_8)
FN:38,(anonymous_9)
FNF:8
FNH:7
FNDA:16,Header
FNDA:4,(anonymous_3)
FNDA:4,(anonymous_4)
FNDA:1,(anonymous_5)
FNDA:0,(anonymous_6)
FNDA:16,(anonymous_7)
FNDA:16,(anonymous_8)
FNDA:1,(anonymous_9)
DA:2,2
DA:3,2
DA:4,2
DA:5,2
DA:6,2
DA:7,2
DA:9,2
DA:12,14
DA:13,16
DA:14,16
DA:16,16
DA:17,16
DA:18,16
DA:20,16
DA:21,16
DA:22,16
DA:38,1
LF:17
LH:17
BRDA:21,0,0,3
BRDA:21,0,1,13
BRDA:30,1,0,0
BRDA:30,1,1,16
BRDA:50,2,0,3
BRDA:50,2,1,13
BRF:6
BRH:5
end_of_record
TN:
SF:src/components/layout/section.tsx
FN:3,(anonymous_1)
FNF:1
FNH:1
FNDA:8,(anonymous_1)
DA:3,10
LF:1
LH:1
BRDA:17,0,0,2
BRDA:17,0,1,6
BRDA:21,1,0,2
BRDA:21,1,1,6
BRF:4
BRH:4
end_of_record
TN:
SF:src/components/layout/sidenav.tsx
FN:9,Sidenav
FN:32,(anonymous_3)
FN:43,(anonymous_4)
FN:54,(anonymous_5)
FN:65,(anonymous_6)
FN:76,(anonymous_7)
FN:87,(anonymous_8)
FNF:7
FNH:7
FNDA:29,Sidenav
FNDA:2,(anonymous_3)
FNDA:1,(anonymous_4)
FNDA:1,(anonymous_5)
FNDA:1,(anonymous_6)
FNDA:1,(anonymous_7)
FNDA:1,(anonymous_8)
DA:1,3
DA:2,3
DA:9,31
DA:32,2
DA:43,1
DA:54,1
DA:65,1
DA:76,1
DA:87,1
LF:9
LH:9
BRDA:13,0,0,29
BRDA:18,1,0,14
BRDA:18,1,1,15
BRF:3
BRH:3
end_of_record
TN:
SF:src/components/ui/EmbedContainer.tsx
FN:9,(anonymous_1)
FNF:1
FNH:1
FNDA:5,(anonymous_1)
DA:9,7
LF:1
LH:1
BRDA:11,0,0,4
BRDA:12,1,0,5
BRF:2
BRH:2
end_of_record
TN:
SF:src/components/ui/ErrorBoundary.tsx
FN:16,(anonymous_1)
FN:21,(anonymous_2)
FN:25,(anonymous_3)
FN:29,(anonymous_4)
FN:37,(anonymous_5)
FNF:5
FNH:5
FNDA:13,(anonymous_1)
FNDA:10,(anonymous_2)
FNDA:5,(anonymous_3)
FNDA:22,(anonymous_4)
FNDA:1,(anonymous_5)
DA:2,2
DA:15,9
DA:17,13
DA:18,12
DA:22,10
DA:26,5
DA:30,22
DA:37,1
DA:47,12
LF:9
LH:9
BRDA:30,0,0,10
BRDA:31,1,0,10
BRF:2
BRH:2
end_of_record
TN:
SF:src/components/ui/ImageGrid.tsx
FN:14,(anonymous_1)
FN:17,(anonymous_2)
FNF:2
FNH:2
FNDA:7,(anonymous_1)
FNDA:17,(anonymous_2)
DA:1,2
DA:2,2
DA:14,9
DA:18,17
LF:4
LH:4
BRDA:14,0,0,6
BRDA:21,1,0,17
BRDA:21,1,1,7
BRDA:22,2,0,17
BRDA:22,2,1,7
BRF:5
BRH:5
end_of_record
TN:
SF:src/components/ui/LazyIframe.tsx
FN:14,(anonymous_1)
FN:27,(anonymous_2)
FN:29,(anonymous_3)
FN:42,(anonymous_4)
FN:45,(anonymous_5)
FNF:5
FNH:5
FNDA:16,(anonymous_1)
FNDA:10,(anonymous_2)
FNDA:5,(anonymous_3)
FNDA:10,(anonymous_4)
FNDA:1,(anonymous_5)
DA:2,2
DA:14,12
DA:23,16
DA:24,16
DA:25,16
DA:27,16
DA:28,10
DA:30,5
DA:31,5
DA:32,5
DA:38,10
DA:39,10
DA:42,10
DA:45,16
DA:46,1
DA:47,1
LF:16
LH:16
BRDA:17,0,0,14
BRDA:18,1,0,14
BRDA:19,2,0,15
BRDA:20,3,0,14
BRDA:30,4,0,5
BRDA:38,5,0,10
BRDA:52,6,0,16
BRDA:60,7,0,16
BRDA:68,8,0,1
BRDA:68,8,1,5
BRF:10
BRH:10
end_of_record
TN:
SF:src/components/ui/LoadingWrapper.tsx
FN:10,(anonymous_1)
FN:16,(anonymous_2)
FNF:2
FNH:2
FNDA:8,(anonymous_1)
FNDA:4,(anonymous_2)
DA:2,2
DA:10,6
DA:14,8
DA:16,8
DA:17,4
LF:5
LH:5
BRDA:12,0,0,6
BRDA:20,1,0,4
BRF:2
BRH:2
end_of_record
TN:
SF:src/components/ui/OptimizedImage.tsx
FN:17,(anonymous_2)
FN:61,(anonymous_3)
FN:62,(anonymous_4)
FNF:3
FNH:3
FNDA:14,(anonymous_2)
FNDA:2,(anonymous_3)
FNDA:1,(anonymous_4)
DA:2,2
DA:3,2
DA:17,13
DA:28,14
DA:29,14
DA:31,14
DA:61,2
DA:63,1
DA:64,1
LF:9
LH:9
BRDA:20,0,0,8
BRDA:21,1,0,8
BRDA:22,2,0,12
BRDA:23,3,0,13
BRDA:24,4,0,13
BRDA:25,5,0,13
BRDA:31,6,0,1
BRDA:44,7,0,13
BRDA:55,8,0,11
BRDA:55,8,1,2
BRF:10
BRH:10
end_of_record
TN:
SF:src/components/ui/SectionHeader.tsx
FN:14,(anonymous_1)
FNF:1
FNH:1
FNDA:20,(anonymous_1)
DA:1,3
DA:14,22
LF:2
LH:2
BRDA:16,0,0,19
BRDA:17,1,0,7
BRDA:18,2,0,7
BRDA:19,3,0,19
BRDA:22,4,0,20
BRF:5
BRH:5
end_of_record
TN:
SF:src/components/ui/SocialIcons.tsx
FNF:0
FNH:0
DA:157,23
LF:1
LH:1
BRF:0
BRH:0
end_of_record
TN:
SF:src/components/ui/SocialLink.tsx
FN:12,(anonymous_1)
FNF:1
FNH:1
FNDA:167,(anonymous_1)
DA:12,169
LF:1
LH:1
BRDA:15,0,0,108
BRDA:16,1,0,167
BRDA:17,2,0,167
BRF:3
BRH:3
end_of_record
TN:
SF:src/components/ui/logo.tsx
FN:8,Logo
FNF:1
FNH:1
FNDA:23,Logo
DA:1,3
DA:2,3
DA:4,3
DA:8,25
LF:4
LH:4
BRF:0
BRH:0
end_of_record
TN:
SF:src/components/ui/title.tsx
FN:19,(anonymous_2)
FNF:1
FNH:1
FNDA:33,(anonymous_2)
DA:1,4
DA:2,4
DA:4,4
DA:19,35
LF:4
LH:4
BRDA:32,0,0,33
BRDA:35,1,0,2
BRDA:35,1,1,7
BRDA:41,2,0,2
BRDA:41,2,1,7
BRDA:48,3,0,33
BRDA:51,4,0,2
BRDA:51,4,1,20
BRDA:52,5,0,1
BRDA:52,5,1,21
BRDA:53,6,0,13
BRDA:53,6,1,9
BRDA:54,7,0,12
BRDA:54,7,1,10
BRDA:60,8,0,33
BRF:15
BRH:15
end_of_record
TN:
SF:src/hooks/index.ts
FNF:0
FNH:0
DA:1,2
DA:2,2
DA:3,2
LF:3
LH:3
BRF:0
BRH:0
end_of_record
TN:
SF:src/hooks/useIntersectionObserver.ts
FN:10,useIntersectionObserver
FN:19,(anonymous_2)
FN:24,(anonymous_3)
FN:39,(anonymous_4)
FNF:4
FNH:3
FNDA:9,useIntersectionObserver
FNDA:9,(anonymous_2)
FNDA:0,(anonymous_3)
FNDA:3,(anonymous_4)
DA:2,2
DA:10,11
DA:15,9
DA:16,9
DA:17,9
DA:19,9
DA:20,9
DA:21,9
DA:23,3
DA:25,0
DA:26,0
DA:27,0
DA:37,3
DA:39,3
DA:40,3
DA:44,9
LF:16
LH:13
BRDA:10,0,0,7
BRDA:11,1,0,7
BRDA:12,2,0,8
BRDA:13,3,0,7
BRDA:21,4,0,6
BRDA:26,5,0,0
BRDA:26,6,0,0
BRDA:26,6,1,0
BRF:8
BRH:5
end_of_record
TN:
SF:src/hooks/useLoading.ts
FN:4,useLoading
FN:7,(anonymous_2)
FN:13,(anonymous_3)
FN:14,(anonymous_4)
FNF:4
FNH:4
FNDA:8,useLoading
FNDA:6,(anonymous_2)
FNDA:1,(anonymous_3)
FNDA:1,(anonymous_4)
DA:2,2
DA:4,10
DA:5,8
DA:7,8
DA:8,6
DA:9,2
DA:13,8
DA:14,8
DA:16,8
LF:9
LH:9
BRDA:4,0,0,3
BRDA:8,1,0,2
BRF:2
BRH:2
end_of_record
TN:
SF:src/hooks/useScroll.ts
FN:4,useScroll
FN:8,(anonymous_2)
FN:9,(anonymous_3)
FN:15,(anonymous_4)
FNF:4
FNH:4
FNDA:12,useScroll
FNDA:4,(anonymous_2)
FNDA:4,(anonymous_3)
FNDA:4,(anonymous_4)
DA:2,2
DA:4,14
DA:5,12
DA:6,12
DA:8,12
DA:9,4
DA:10,4
DA:11,4
DA:14,4
DA:15,4
DA:18,12
LF:11
LH:11
BRF:0
BRH:0
end_of_record
TN:
SF:src/lib/index.ts
FNF:0
FNH:0
DA:1,8
DA:2,8
DA:3,8
LF:3
LH:3
BRF:0
BRH:0
end_of_record
TN:
SF:src/lib/constants/index.ts
FNF:0
FNH:0
DA:1,141
DA:10,5
DA:60,22
DA:66,7
DA:68,5
DA:70,5
DA:72,5
DA:79,5
DA:88,13
LF:9
LH:9
BRF:0
BRH:0
end_of_record
TN:
SF:src/lib/utils/index.ts
FN:4,cn
FN:8,formatDate
FN:12,sortGigsByDate
FN:13,(anonymous_11)
FN:20,filterUpcomingGigs
FN:24,(anonymous_13)
FN:27,filterPassedGigs
FN:31,(anonymous_15)
FN:34,debounce
FN:39,(anonymous_17)
FN:41,(anonymous_18)
FN:45,throttle
FN:50,(anonymous_20)
FN:54,(anonymous_21)
FNF:14
FNH:14
FNDA:3,cn
FNDA:32,formatDate
FNDA:3,sortGigsByDate
FNDA:12,(anonymous_11)
FNDA:1,filterUpcomingGigs
FNDA:3,(anonymous_13)
FNDA:1,filterPassedGigs
FNDA:3,(anonymous_15)
FNDA:1,debounce
FNDA:3,(anonymous_17)
FNDA:1,(anonymous_18)
FNDA:1,throttle
FNDA:4,(anonymous_20)
FNDA:1,(anonymous_21)
DA:1,8
DA:2,8
DA:4,5
DA:5,3
DA:8,4
DA:9,32
DA:12,5
DA:13,3
DA:14,12
DA:15,12
DA:16,12
DA:20,3
DA:21,1
DA:22,1
DA:23,1
DA:24,3
DA:27,3
DA:28,1
DA:29,1
DA:30,1
DA:31,3
DA:34,3
DA:39,1
DA:40,3
DA:41,3
DA:45,3
DA:50,1
DA:51,4
DA:52,2
DA:53,2
DA:54,2
LF:31
LH:31
BRDA:12,0,0,2
BRDA:16,1,0,8
BRDA:16,1,1,4
BRDA:51,2,0,2
BRF:4
BRH:4
end_of_record
